{"numTotalTestSuites":9,"numPassedTestSuites":2,"numFailedTestSuites":7,"numPendingTestSuites":0,"numTotalTests":32,"numPassedTests":22,"numFailedTests":10,"numPendingTests":0,"numTodoTests":0,"snapshot":{"added":0,"failure":false,"filesAdded":0,"filesRemoved":0,"filesRemovedList":[],"filesUnmatched":0,"filesUpdated":0,"matched":0,"total":0,"unchecked":0,"uncheckedKeysByFile":[],"unmatched":0,"updated":0,"didUpdate":false},"startTime":1767350915994,"success":false,"testResults":[{"assertionResults":[{"ancestorTitles":["CartModal","Rendering"],"fullName":"CartModal Rendering should not render when cart is closed","status":"passed","title":"should not render when cart is closed","duration":15.373899999999821,"failureMessages":[],"meta":{}},{"ancestorTitles":["CartModal","Rendering"],"fullName":"CartModal Rendering should render when cart is open","status":"passed","title":"should render when cart is open","duration":52.418899999999894,"failureMessages":[],"meta":{}},{"ancestorTitles":["CartModal","Rendering"],"fullName":"CartModal Rendering should show empty cart message when no items","status":"passed","title":"should show empty cart message when no items","duration":15.99739999999997,"failureMessages":[],"meta":{}},{"ancestorTitles":["CartModal","Rendering"],"fullName":"CartModal Rendering should display cart items correctly","status":"failed","title":"should display cart items correctly","duration":98.2527,"failureMessages":["TestingLibraryElementError: Found multiple elements with the text: ₹129\n\nHere are the matching elements:\n\nIgnored nodes: comments, script, style\n\u001b[36m<span\u001b[39m\n  \u001b[33mstyle\u001b[39m=\u001b[32m\"color: var(--primary-dark); font-size: 1.5rem; font-weight: 700;\"\u001b[39m\n\u001b[36m>\u001b[39m\n  \u001b[0m₹\u001b[0m\n  \u001b[0m129\u001b[0m\n\u001b[36m</span>\u001b[39m\n\nIgnored nodes: comments, script, style\n\u001b[36m<span\u001b[39m\n  \u001b[33mstyle\u001b[39m=\u001b[32m\"color: var(--primary-dark); font-size: 1.5rem; font-weight: 700;\"\u001b[39m\n\u001b[36m>\u001b[39m\n  \u001b[0m₹\u001b[0m\n  \u001b[0m129\u001b[0m\n\u001b[36m</span>\u001b[39m\n\n(If this is intentional, then use the `*AllBy*` variant of the query (like `queryAllByText`, `getAllByText`, or `findAllByText`)).\n\nIgnored nodes: comments, script, style\n\u001b[36m<body>\u001b[39m\n  \u001b[36m<div>\u001b[39m\n    \u001b[36m<div\u001b[39m\n      \u001b[33mstyle\u001b[39m=\u001b[32m\"position: fixed; top: 0px; left: 0px; right: 0px; bottom: 0px; background: rgba(0, 0, 0, 0.5); z-index: 1000; display: flex; align-items: flex-end;\"\u001b[39m\n    \u001b[36m>\u001b[39m\n      \u001b[36m<div\u001b[39m\n        \u001b[33mstyle\u001b[39m=\u001b[32m\"background: var(--bg-light); width: 100%; max-height: 90vh; border-top-left-radius: 24px; border-top-right-radius: 24px; display: flex; flex-direction: column; animation: slideUp 0.3s ease-out;\"\u001b[39m\n      \u001b[36m>\u001b[39m\n        \u001b[36m<div\u001b[39m\n          \u001b[33mstyle\u001b[39m=\u001b[32m\"padding: 1.5rem; border-bottom: 1px solid rgb(238, 238, 238); display: flex; justify-content: space-between; align-items: center; background: var(--white); border-top-left-radius: 24px; border-top-right-radius: 24px;\"\u001b[39m\n        \u001b[36m>\u001b[39m\n          \u001b[36m<h3>\u001b[39m\n            \u001b[0mYour Cart 🛒\u001b[0m\n          \u001b[36m</h3>\u001b[39m\n          \u001b[36m<button>\u001b[39m\n            \u001b[36m<svg\u001b[39m\n              \u001b[33maria-hidden\u001b[39m=\u001b[32m\"true\"\u001b[39m\n              \u001b[33mclass\u001b[39m=\u001b[32m\"lucide lucide-x\"\u001b[39m\n              \u001b[33mfill\u001b[39m=\u001b[32m\"none\"\u001b[39m\n              \u001b[33mheight\u001b[39m=\u001b[32m\"24\"\u001b[39m\n              \u001b[33mstroke\u001b[39m=\u001b[32m\"currentColor\"\u001b[39m\n              \u001b[33mstroke-linecap\u001b[39m=\u001b[32m\"round\"\u001b[39m\n              \u001b[33mstroke-linejoin\u001b[39m=\u001b[32m\"round\"\u001b[39m\n              \u001b[33mstroke-width\u001b[39m=\u001b[32m\"2\"\u001b[39m\n              \u001b[33mviewBox\u001b[39m=\u001b[32m\"0 0 24 24\"\u001b[39m\n              \u001b[33mwidth\u001b[39m=\u001b[32m\"24\"\u001b[39m\n              \u001b[33mxmlns\u001b[39m=\u001b[32m\"http://www.w3.org/2000/svg\"\u001b[39m\n            \u001b[36m>\u001b[39m\n              \u001b[36m<path\u001b[39m\n                \u001b[33md\u001b[39m=\u001b[32m\"M18 6 6 18\"\u001b[39m\n              \u001b[36m/>\u001b[39m\n              \u001b[36m<path\u001b[39m\n                \u001b[33md\u001b[39m=\u001b[32m\"m6 6 12 12\"\u001b[39m\n              \u001b[36m/>\u001b[39m\n            \u001b[36m</svg>\u001b[39m\n          \u001b[36m</button>\u001b[39m\n        \u001b[36m</div>\u001b[39m\n        \u001b[36m<div\u001b[39m\n          \u001b[33mstyle\u001b[39m=\u001b[32m\"padding: 1.5rem; overflow-y: auto; flex: 1 1 0%;\"\u001b[39m\n        \u001b[36m>\u001b[39m\n          \u001b[36m<div\u001b[39m\n            \u001b[33mstyle\u001b[39m=\u001b[32m\"display: flex; justify-content: space-between; align-items: center; background: var(--white); padding: 1rem; border-radius: 12px; margin-bottom: 0.8rem; box-shadow: 0 2px 4px rgba(0,0,0,0.02);\"\u001b[39m\n          \u001b[36m>\u001b[39m\n            \u001b[36m<div\u001b[39m\n              \u001b[33mstyle\u001b[39m=\u001b[32m\"flex: 1 1 0%;\"\u001b[39m\n            \u001b[36m>\u001b[39m\n              \u001b[36m<div\u001b[39m\n                \u001b[33mstyle\u001b[39m=\u001b[32m\"font-weight: 600;\"\u001b[39m\n              \u001b[36m>\u001b[39m\n                \u001b[0mBanana Choco Tub\u001b[0m\n                \u001b[36m<span\u001b[39m\n                  \u001b[33mstyle\u001b[39m=\u001b[32m\"font-size: 0.75rem; background: rgb(226, 232, 240); padding: 2px 6px; border-radius: 12px; margin-left: 6px; color: rgb(71, 85, 105); font-weight: 600;\"\u001b[39m\n                \u001b[36m>\u001b[39m\n                  \u001b[0mx\u001b[0m\n                  \u001b[0m2\u001b[0m\n                \u001b[36m</span>\u001b[39m\n              \u001b[36m</div>\u001b[39m\n              \u001b[36m<div\u001b[39m\n                \u001b[33mstyle\u001b[39m=\u001b[32m\"color: var(--primary); font-weight: 700;\"\u001b[39m\n              \u001b[36m>\u001b[39m\n                \u001b[0m₹\u001b[0m\n                \u001b[0m80\u001b[0m\n              \u001b[36m</div>\u001b[39m\n            \u001b[36m</div>\u001b[39m\n            \u001b[36m<div\u001b[39m\n              \u001b[33mstyle\u001b[39m=\u001b[32m\"display: flex; align-items: center; gap: 0.5rem; margin: 0px 1rem; background: rgb(241, 245, 249); border-radius: 8px; padding: 2px;\"\u001b[39m\n            \u001b[36m>\u001b[39m\n              \u001b[36m<button\u001b[39m\n                \u001b[33mstyle\u001b[39m=\u001b[32m\"width: 24px; height: 24px; display: flex; align-items: center; justify-content: center; border: medium; background: white; border-radius: 6px; cursor: pointer; font-size: 1rem; color: rgb(100, 116, 139); box-shadow: 0 1px 2px rgba(0,0,0,0.05);\"\u001b[39m\n              \u001b[36m>\u001b[39m\n                \u001b[0m-\u001b[0m\n              \u001b[36m</button>\u001b[39m\n              \u001b[36m<span\u001b[39m\n                \u001b[33mstyle\u001b[39m=\u001b[32m\"font-size: 0.9rem; font-weight: 600; min-width: 16px; text-align: center; color: rgb(30, 41, 59);\"\u001b[39m\n              \u001b[36m>\u001b[39m\n                \u001b[0m2\u001b[0m\n              \u001b[36m</span>\u001b[39m\n              \u001b[36m<button\u001b[39m\n                \u001b[33mstyle\u001b[39m=\u001b[32m\"width: 24px; height: 24px; display: flex; align-items: center; justify-content: center; border: medium; background: white; border-radius: 6px; cursor: pointer; font-size: 1rem; color: rgb(100, 116, 139); box-shadow: 0 1px 2px rgba(0,0,0,0.05);\"\u001b[39m\n              \u001b[36m>\u001b[39m\n                \u001b[0m+\u001b[0m\n              \u001b[36m</button>\u001b[39m\n            \u001b[36m</div>\u001b[39m\n            \u001b[36m<button\u001b[39m\n              \u001b[33mstyle\u001b[39m=\u001b[32m\"color: rgb(255, 107, 107); padding: 0.5rem; cursor: pointer; display: flex; align-items: center; justify-content: center; transition: transform 0.2s; background: transparent; border: medium;\"\u001b[39m\n            \u001b[36m>\u001b[39m\n              \u001b[36m<svg\u001b[39m\n                \u001b[33maria-hidden\u001b[39m=\u001b[32m\"true\"\u001b[39m\n                \u001b[33mclass\u001b[39m=\u001b[32m\"lucide lucide-trash2 lucide-trash-2\"\u001b[39m\n                \u001b[33mfill\u001b[39m=\u001b[32m\"none\"\u001b[39m\n                \u001b[33mheight\u001b[39m=\u001b[32m\"16\"\u001b[39m\n                \u001b[33mstroke\u001b[39m=\u001b[32m\"currentColor\"\u001b[39m\n                \u001b[33mstroke-linecap\u001b[39m=\u001b[32m\"round\"\u001b[39m\n                \u001b[33mstroke-linejoin\u001b[39m=\u001b[32m\"round\"\u001b[39m\n                \u001b[33mstroke-width\u001b[39m=\u001b[32m\"2\"\u001b[39m\n                \u001b[33mviewBox\u001b[39m=\u001b[32m\"0 0 24 24\"\u001b[39m\n                \u001b[33mwidth\u001b[39m=\u001b[32m\"16\"\u001b[39m\n                \u001b[33mxmlns\u001b[39m=\u001b[32m\"http://www.w3.org/2000/svg\"\u001b[39m\n              \u001b[36m>\u001b[39m\n                \u001b[36m<path\u001b[39m\n                  \u001b[33md\u001b[39m=\u001b[32m\"M10 11v6\"\u001b[39m\n                \u001b[36m/>\u001b[39m\n                \u001b[36m<path\u001b[39m\n                  \u001b[33md\u001b[39m=\u001b[32m\"M14 11v6\"\u001b[39m\n                \u001b[36m/>\u001b[39m\n                \u001b[36m<path\u001b[39m\n                  \u001b[33md\u001b[39m=\u001b[32m\"M19 6v14a2 2 0 0 1-2 2H7a2 2 0 0 1-2-2V6\"\u001b[39m\n                \u001b[36m/>\u001b[39m\n                \u001b[36m<path\u001b[39m\n                  \u001b[33md\u001b[39m=\u001b[32m\"M3 6h18\"\u001b[39m\n                \u001b[36m/>\u001b[39m\n                \u001b[36m<path\u001b[39m\n                  \u001b[33md\u001b[39m=\u001b[32m\"M8 6V4a2 2 0 0 1 2-2h4a2 2 0 0 1 2 2v2\"\u001b[39m\n                \u001b[36m/>\u001b[39m\n              \u001b[36m</svg>\u001b[39m\n            \u001b[36m</button>\u001b[39m\n          \u001b[36m</div>\u001b[39m\n          \u001b[36m<div\u001b[39m\n            \u001b[33mstyle\u001b[39m=\u001b[32m\"display: flex; justify-content: space-between; align-items: center; background: var(--white); padding: 1rem; border-radius: 12px; margin-bottom: 0.8rem; box-shadow: 0 2px 4px rgba(0,0,0,0.02);\"\u001b[39m\n          \u001b[36m>\u001b[39m\n            \u001b[36m<div\u001b[39m\n              \u001b[33mstyle\u001b[39m=\u001b[32m\"flex: 1 1 0%;\"\u001b[39m\n            \u001b[36m>\u001b[39m\n              \u001b[36m<div\u001b[39m\n                \u001b[33mstyle\u001b[39m=\u001b[32m\"font-weight: 600;\"\u001b[39m\n              \u001b[36m>\u001b[39m\n                \u001b[0mOG Brownie Tub\u001b[0m\n              \u001b[36m</div>\u001b[39m\n              \u001b[36m<div\u001b[39m\n                \u001b[33mstyle\u001b[39m=\u001b[32m\"color: var(--primary); font-weight: 700;\"\u001b[39m\n              \u001b[36m>\u001b[39m\n                \u001b[0m₹\u001b[0m\n                \u001b[0m49\u001b[0m\n              \u001b[36m</div>\u001b[39m\n            \u001b[36m</div>\u001b[39m\n            \u001b[36m<div\u001b[39m\n              \u001b[33mstyle\u001b[39m=\u001b[32m\"display: flex; align-items: center; gap: 0.5rem; margin: 0px 1rem; background: rgb(241, 245, 249); border-radius: 8px; padding: 2px;\"\u001b[39m\n            \u001b[36m>\u001b[39m\n              \u001b[36m<button\u001b[39m\n                \u001b[33mstyle\u001b[39m=\u001b[32m\"width: 24px; height: 24px; display: flex; align-items: center; justify-content: center; border: medium; background: white; border-radius: 6px; cursor: pointer; font-size: 1rem; color: rgb(100, 116, 139); box-shadow: 0 1px 2px rgba(0,0,0,0.05);\"\u001b[39m\n              \u001b[36m>\u001b[39m\n                \u001b[0m-\u001b[0m\n              \u001b[36m</button>\u001b[39m\n              \u001b[36m<span\u001b[39m\n                \u001b[33mstyle\u001b[39m=\u001b[32m\"font-size: 0.9rem; font-weight: 600; min-width: 16px; text-align: center; color: rgb(30, 41, 59);\"\u001b[39m\n              \u001b[36m>\u001b[39m\n                \u001b[0m1\u001b[0m\n              \u001b[36m</span>\u001b[39m\n              \u001b[36m<button\u001b[39m\n                \u001b[33mstyle\u001b[39m=\u001b[32m\"width: 24px; height: 24px; display: flex; align-items: center; justify-content: center; border: medium; background: white; border-radius: 6px; cursor: pointer; font-size: 1rem; color: rgb(100, 116, 139); box-shadow: 0 1px 2px rgba(0,0,0,0.05);\"\u001b[39m\n              \u001b[36m>\u001b[39m\n                \u001b[0m+\u001b[0m\n              \u001b[36m</button>\u001b[39m\n            \u001b[36m</div>\u001b[39m\n            \u001b[36m<button\u001b[39m\n              \u001b[33mstyle\u001b[39m=\u001b[32m\"color: rgb(255, 107, 107); padding: 0.5rem; cursor: pointer; display: flex; align-items: center; justify-content: center; transition: transform 0.2s; background: transparent; border: medium;\"\u001b[39m\n            \u001b[36m>\u001b[39m\n              \u001b[36m<svg\u001b[39m\n                \u001b[33maria-hidden\u001b[39m=\u001b[32m\"true\"\u001b[39m\n                \u001b[33mclass\u001b[39m=\u001b[32m\"lucide lucide-trash2 lucide-trash-2\"\u001b[39m\n                \u001b[33mfill\u001b[39m=\u001b[32m\"none\"\u001b[39m\n                \u001b[33mheight\u001b[39m=\u001b[32m\"16\"\u001b[39m\n                \u001b[33mstroke\u001b[39m=\u001b[32m\"currentColor\"\u001b[39m\n                \u001b[33mstroke-linecap\u001b[39m=\u001b[32m\"round\"\u001b[39m\n                \u001b[33mstroke-linejoin\u001b[39m=\u001b[32m\"round\"\u001b[39m\n                \u001b[33mstroke-width\u001b[39m=\u001b[32m\"2\"\u001b[39m\n                \u001b[33mviewBox\u001b[39m=\u001b[32m\"0 0 24 24\"\u001b[39m\n                \u001b[33mwidth\u001b[39m=\u001b[32m\"16\"\u001b[39m\n                \u001b[33mxmlns\u001b[39m=\u001b[32m\"http://www.w3.org/2000/svg\"\u001b[39m\n              \u001b[36m>\u001b[39m\n                \u001b[36m<path\u001b[39m\n                  \u001b[33md\u001b[39m=\u001b[32m\"M10 11v6\"\u001b[39m\n                \u001b[36m/>\u001b[39m\n                \u001b[36m<path\u001b[39m\n                  \u001b[33md\u001b[39m=\u001b[32m\"M14 11v6\"\u001b[39m\n                \u001b[36m/>\u001b[39m\n                \u001b[36m<path\u001b[39m\n                  \u001b[33md\u001b[39m=\u001b[32m\"M19 6v14a2 2 0 0 1-2 2H7a2 2 0 0 1-2-2V6\"\u001b[39m\n                \u001b[36m/>\u001b[39m\n                \u001b[36m<path\u001b[39m\n                  \u001b[33md\u001b[39m=\u001b[32m\"M3 6h18\"\u001b[39m\n                \u001b[36m/>\u001b[39m\n                \u001b[36m<path\u001b[39m\n                  \u001b[33md\u001b[39m=\u001b[32m\"M8 6V4a2 2 0 0 1 2-2h4a2 2 0 0 1 2 2v2\"\u001b[39m\n                \u001b[36m/>\u001b[39m\n              \u001b[36m</svg>\u001b[39m\n            \u001b[36m</button>\u001b[39m\n          \u001b[36m</div>\u001b[39m\n        \u001b[36m</div>\u001b[39m\n        \u001b[36m<div\u001b[39m\n          \u001b[33mstyle\u001b[39m=\u001b[32m\"padding: 1.5rem; background: var(--white); border-top: 1px solid rgb(238, 238, 238); box-shadow: 0 -4px 10px rgba(0,0,0,0.05);\"\u001b[39m\n        \u001b[36m>\u001b[39m\n          \u001b[36m<div\u001b[39m\n            \u001b[33mstyle\u001b[39m=\u001b[32m\"display: flex; justify-content: space-between; margin-bottom: 1rem; font-size: 1.1rem; font-weight: 600; color: var(--text-dark);\"\u001b[39m\n          \u001b[36m>\u001b[39m\n            \u001b[36m<span>\u001b[39m\n              \u001b[0mSubtotal\u001b[0m\n            \u001b[36m</span>\u001b[39m\n            \u001b[36m<span\u001b[39m\n              \u001b[33mstyle\u001b[39m=\u001b[32m\"color: var(--primary-dark); font-size: 1.5rem; font-weight: 700;\"\u001b[39m\n            \u001b[36m>\u001b[39m\n              \u001b[0m₹\u001b[0m\n              \u001b[0m129\u001b[0m\n            \u001b[36m</span>\u001b[39m\n          \u001b[36m</div>\u001b[39m\n          \u001b[36m<div\u001b[39m\n            \u001b[33mstyle\u001b[39m=\u001b[32m\"display: flex; justify-content: space-between; margin-bottom: 1rem; font-size: 1.2rem; font-weight: 700; color: var(--text-dark); margin-top: 0.5rem; padding-top: 0.5rem; border-top: 2px solid rgb(229, 231, 235);\"\u001b[39m\n          \u001b[36m>\u001b[39m\n            \u001b[36m<span>\u001b[39m\n              \u001b[0mTotal\u001b[0m\n            \u001b[36m</span>\u001b[39m\n            \u001b[36m<span\u001b[39m\n              \u001b[33mstyle\u001b[39m=\u001b[32m\"color: var(--primary-dark); font-size: 1.5rem; font-weight: 700;\"\u001b[39m\n            \u001b[36m>\u001b[39m\n              \u001b[0m₹\u001b[0m\n              \u001b[0m129\u001b[0m\n            \u001b[36m</span>\u001b[39m\n          \u001b[36m</div>\u001b[39m\n          \u001b[36m<button\u001b[39m\n            \u001b[33mstyle\u001b[39m=\u001b[32m\"background: linear-gradient(135deg, rgb(142, 209, 184) 0%, rgb(107, 184, 159) 100%); color: white; width: 100%; padding: 1rem; border-radius: 99px; font-size: 1rem; display: flex; justify-content: center; align-items: center; gap: 0.5rem; font-weight: 700; box-shadow: 0 4px 12px rgba(142, 209, 184, 0.4); cursor: pointer; border: medium; text-transform: uppercase; letter-spacing: 0.5px;\"\u001b[39m\n          \u001b[36m>\u001b[39m\n            \u001b[0mProceed to Checkout \u001b[0m\n            \u001b[36m<svg\u001b[39m\n              \u001b[33maria-hidden\u001b[39m=\u001b[32m\"true\"\u001b[39m\n              \u001b[33mclass\u001b[39m=\u001b[32m\"lucide lucide-arrow-right\"\u001b[39m\n              \u001b[33mfill\u001b[39m=\u001b[32m\"none\"\u001b[39m\n              \u001b[33mheight\u001b[39m=\u001b[32m\"18\"\u001b[39m\n              \u001b[33mstroke\u001b[39m=\u001b[32m\"currentColor\"\u001b[39m\n              \u001b[33mstroke-linecap\u001b[39m=\u001b[32m\"round\"\u001b[39m\n              \u001b[33mstroke-linejoin\u001b[39m=\u001b[32m\"round\"\u001b[39m\n              \u001b[33mstroke-width\u001b[39m=\u001b[32m\"2\"\u001b[39m\n              \u001b[33mviewBox\u001b[39m=\u001b[32m\"0 0 24 24\"\u001b[39m\n              \u001b[33mwidth\u001b[39m=\u001b[32m\"18\"\u001b[39m\n              \u001b[33mxmlns\u001b[39m=\u001b[32m\"http://www.w3.org/2000/svg\"\u001b[39m\n            \u001b[36m>\u001b[39m\n              \u001b[36m<path\u001b[39m\n                \u001b[33md\u001b[39m=\u001b[32m\"M5 12h14\"\u001b[39m\n              \u001b[36m/>\u001b[39m\n              \u001b[36m<path\u001b[39m\n                \u001b[33md\u001b[39m=\u001b[32m\"m12 5 7 7-7 7\"\u001b[39m\n              \u001b[36m/>\u001b[39m\n            \u001b[36m</svg>\u001b[39m\n          \u001b[36m</button>\u001b[39m\n        \u001b[36m</div>\u001b[39m\n      \u001b[36m</div>\u001b[39m\n    \u001b[36m</div>\u001b[39m\n    \u001b[36m<div\u001b[39m\n      \u001b[33mdata-testid\u001b[39m=\u001b[32m\"upsell-modal\"\u001b[39m\n    \u001b[36m>\u001b[39m\n      \u001b[36m<button>\u001b[39m\n        \u001b[0mAdd Upsell\u001b[0m\n      \u001b[36m</button>\u001b[39m\n      \u001b[36m<button>\u001b[39m\n        \u001b[0mSkip\u001b[0m\n      \u001b[36m</button>\u001b[39m\n    \u001b[36m</div>\u001b[39m\n  \u001b[36m</div>\u001b[39m\n\u001b[36m</body>\u001b[39m\n    at Object.getElementError (D:\\SR\\projects\\Dessert Bowl\\node_modules\\@testing-library\\dom\\dist\\config.js:37:19)\n    at getElementError (D:\\SR\\projects\\Dessert Bowl\\node_modules\\@testing-library\\dom\\dist\\query-helpers.js:20:35)\n    at getMultipleElementsFoundError (D:\\SR\\projects\\Dessert Bowl\\node_modules\\@testing-library\\dom\\dist\\query-helpers.js:23:10)\n    at D:\\SR\\projects\\Dessert Bowl\\node_modules\\@testing-library\\dom\\dist\\query-helpers.js:55:13\n    at D:\\SR\\projects\\Dessert Bowl\\node_modules\\@testing-library\\dom\\dist\\query-helpers.js:95:19\n    at D:/SR/projects/Dessert Bowl/src/components/__tests__/CartModal.test.jsx:115:27\n    at file:///D:/SR/projects/Dessert%20Bowl/node_modules/@vitest/runner/dist/index.js:145:11\n    at file:///D:/SR/projects/Dessert%20Bowl/node_modules/@vitest/runner/dist/index.js:915:26\n    at file:///D:/SR/projects/Dessert%20Bowl/node_modules/@vitest/runner/dist/index.js:1243:20\n    at new Promise (<anonymous>)"],"meta":{}},{"ancestorTitles":["CartModal","Rendering"],"fullName":"CartModal Rendering should show combo discount when applicable","status":"passed","title":"should show combo discount when applicable","duration":34.10760000000005,"failureMessages":[],"meta":{}},{"ancestorTitles":["CartModal","Rendering"],"fullName":"CartModal Rendering should display combo qualification hint","status":"passed","title":"should display combo qualification hint","duration":21.303800000000138,"failureMessages":[],"meta":{}},{"ancestorTitles":["CartModal","Rendering"],"fullName":"CartModal Rendering should show upsell tip when available","status":"passed","title":"should show upsell tip when available","duration":34.7782000000002,"failureMessages":[],"meta":{}},{"ancestorTitles":["CartModal","Cart Operations"],"fullName":"CartModal Cart Operations should call updateQuantity when + button clicked","status":"passed","title":"should call updateQuantity when + button clicked","duration":25.54469999999992,"failureMessages":[],"meta":{}},{"ancestorTitles":["CartModal","Cart Operations"],"fullName":"CartModal Cart Operations should call updateQuantity when - button clicked","status":"passed","title":"should call updateQuantity when - button clicked","duration":29.398400000000038,"failureMessages":[],"meta":{}},{"ancestorTitles":["CartModal","Cart Operations"],"fullName":"CartModal Cart Operations should call removeFromCart when trash button clicked","status":"failed","title":"should call removeFromCart when trash button clicked","duration":181.38940000000002,"failureMessages":["AssertionError: expected \"vi.fn()\" to be called with arguments: [ '1' ]\u001b[90m\n\nNumber of calls: \u001b[1m0\u001b[22m\n\u001b[39m\n    at Proxy.<anonymous> (file:///D:/SR/projects/Dessert%20Bowl/node_modules/@vitest/expect/dist/index.js:1420:10)\n    at Proxy.<anonymous> (file:///D:/SR/projects/Dessert%20Bowl/node_modules/@vitest/expect/dist/index.js:1090:14)\n    at Proxy.methodWrapper (file:///D:/SR/projects/Dessert%20Bowl/node_modules/chai/index.js:1700:25)\n    at D:/SR/projects/Dessert Bowl/src/components/__tests__/CartModal.test.jsx:196:48\n    at file:///D:/SR/projects/Dessert%20Bowl/node_modules/@vitest/runner/dist/index.js:145:11\n    at file:///D:/SR/projects/Dessert%20Bowl/node_modules/@vitest/runner/dist/index.js:915:26\n    at file:///D:/SR/projects/Dessert%20Bowl/node_modules/@vitest/runner/dist/index.js:1243:20\n    at new Promise (<anonymous>)\n    at runWithTimeout (file:///D:/SR/projects/Dessert%20Bowl/node_modules/@vitest/runner/dist/index.js:1209:10)\n    at file:///D:/SR/projects/Dessert%20Bowl/node_modules/@vitest/runner/dist/index.js:1653:37"],"meta":{}},{"ancestorTitles":["CartModal","Cart Operations"],"fullName":"CartModal Cart Operations should display item quantities correctly","status":"passed","title":"should display item quantities correctly","duration":24.784000000000106,"failureMessages":[],"meta":{}},{"ancestorTitles":["CartModal","Cart Operations"],"fullName":"CartModal Cart Operations should calculate item totals correctly","status":"passed","title":"should calculate item totals correctly","duration":21.74929999999995,"failureMessages":[],"meta":{}},{"ancestorTitles":["CartModal","Customer Info Step"],"fullName":"CartModal Customer Info Step should navigate to customer info when checkout clicked","status":"passed","title":"should navigate to customer info when checkout clicked","duration":34.59320000000025,"failureMessages":[],"meta":{}},{"ancestorTitles":["CartModal","Customer Info Step"],"fullName":"CartModal Customer Info Step should validate phone number","status":"passed","title":"should validate phone number","duration":37.74609999999984,"failureMessages":[],"meta":{}},{"ancestorTitles":["CartModal","Customer Info Step"],"fullName":"CartModal Customer Info Step should validate name","status":"passed","title":"should validate name","duration":67.74189999999999,"failureMessages":[],"meta":{}},{"ancestorTitles":["CartModal","Customer Info Step"],"fullName":"CartModal Customer Info Step should lookup customer on phone blur","status":"passed","title":"should lookup customer on phone blur","duration":39.3107,"failureMessages":[],"meta":{}},{"ancestorTitles":["CartModal","Customer Info Step"],"fullName":"CartModal Customer Info Step should display customer loyalty info when found","status":"passed","title":"should display customer loyalty info when found","duration":37.86959999999999,"failureMessages":[],"meta":{}},{"ancestorTitles":["CartModal","Customer Info Step"],"fullName":"CartModal Customer Info Step should allow reward selection","status":"passed","title":"should allow reward selection","duration":47.24559999999974,"failureMessages":[],"meta":{}},{"ancestorTitles":["CartModal","Customer Info Step"],"fullName":"CartModal Customer Info Step should show rate limit error","status":"passed","title":"should show rate limit error","duration":33.190900000000056,"failureMessages":[],"meta":{}},{"ancestorTitles":["CartModal","Customer Info Step"],"fullName":"CartModal Customer Info Step should navigate back to cart from customer info","status":"passed","title":"should navigate back to cart from customer info","duration":36.586199999999735,"failureMessages":[],"meta":{}},{"ancestorTitles":["CartModal","Payment Step"],"fullName":"CartModal Payment Step should calculate GST correctly","status":"passed","title":"should calculate GST correctly","duration":44.85080000000016,"failureMessages":[],"meta":{}},{"ancestorTitles":["CartModal","Payment Step"],"fullName":"CartModal Payment Step should generate correct QR code URL","status":"failed","title":"should generate correct QR code URL","duration":1040.0548999999996,"failureMessages":["TypeError: __vi_import_1__.screen.getByAlt is not a function\n\nIgnored nodes: comments, script, style\n\u001b[36m<html>\u001b[39m\n  \u001b[36m<head />\u001b[39m\n  \u001b[36m<body>\u001b[39m\n    \u001b[36m<div>\u001b[39m\n      \u001b[36m<div\u001b[39m\n        \u001b[33mstyle\u001b[39m=\u001b[32m\"position: fixed; top: 0px; left: 0px; right: 0px; bottom: 0px; background: rgba(0, 0, 0, 0.5); z-index: 1000; display: flex; align-items: flex-end;\"\u001b[39m\n      \u001b[36m>\u001b[39m\n        \u001b[36m<div\u001b[39m\n          \u001b[33mstyle\u001b[39m=\u001b[32m\"background: var(--bg-light); width: 100%; max-height: 90vh; border-top-left-radius: 24px; border-top-right-radius: 24px; display: flex; flex-direction: column; animation: slideUp 0.3s ease-out;\"\u001b[39m\n        \u001b[36m>\u001b[39m\n          \u001b[36m<div\u001b[39m\n            \u001b[33mstyle\u001b[39m=\u001b[32m\"padding: 1.5rem; border-bottom: 1px solid rgb(238, 238, 238); display: flex; justify-content: space-between; align-items: center; background: var(--white); border-top-left-radius: 24px; border-top-right-radius: 24px;\"\u001b[39m\n          \u001b[36m>\u001b[39m\n            \u001b[36m<h3>\u001b[39m\n              \u001b[0mPayment 💸\u001b[0m\n            \u001b[36m</h3>\u001b[39m\n            \u001b[36m<button>\u001b[39m\n              \u001b[36m<svg\u001b[39m\n                \u001b[33maria-hidden\u001b[39m=\u001b[32m\"true\"\u001b[39m\n                \u001b[33mclass\u001b[39m=\u001b[32m\"lucide lucide-x\"\u001b[39m\n                \u001b[33mfill\u001b[39m=\u001b[32m\"none\"\u001b[39m\n                \u001b[33mheight\u001b[39m=\u001b[32m\"24\"\u001b[39m\n                \u001b[33mstroke\u001b[39m=\u001b[32m\"currentColor\"\u001b[39m\n                \u001b[33mstroke-linecap\u001b[39m=\u001b[32m\"round\"\u001b[39m\n                \u001b[33mstroke-linejoin\u001b[39m=\u001b[32m\"round\"\u001b[39m\n                \u001b[33mstroke-width\u001b[39m=\u001b[32m\"2\"\u001b[39m\n                \u001b[33mviewBox\u001b[39m=\u001b[32m\"0 0 24 24\"\u001b[39m\n                \u001b[33mwidth\u001b[39m=\u001b[32m\"24\"\u001b[39m\n                \u001b[33mxmlns\u001b[39m=\u001b[32m\"http://www.w3.org/2000/svg\"\u001b[39m\n              \u001b[36m>\u001b[39m\n                \u001b[36m<path\u001b[39m\n                  \u001b[33md\u001b[39m=\u001b[32m\"M18 6 6 18\"\u001b[39m\n                \u001b[36m/>\u001b[39m\n                \u001b[36m<path\u001b[39m\n                  \u001b[33md\u001b[39m=\u001b[32m\"m6 6 12 12\"\u001b[39m\n                \u001b[36m/>\u001b[39m\n              \u001b[36m</svg>\u001b[39m\n            \u001b[36m</button>\u001b[39m\n          \u001b[36m</div>\u001b[39m\n          \u001b[36m<div\u001b[39m\n            \u001b[33mstyle\u001b[39m=\u001b[32m\"padding: 1.5rem; overflow-y: auto; flex: 1 1 0%;\"\u001b[39m\n          \u001b[36m>\u001b[39m\n            \u001b[36m<div\u001b[39m\n              \u001b[33mstyle\u001b[39m=\u001b[32m\"text-align: center; padding: 1rem; background: white; border-radius: 16px; border: 1px solid var(--border-light);\"\u001b[39m\n            \u001b[36m>\u001b[39m\n              \u001b[36m<h3\u001b[39m\n                \u001b[33mstyle\u001b[39m=\u001b[32m\"margin-bottom: 1rem;\"\u001b[39m\n              \u001b[36m>\u001b[39m\n                \u001b[0mPay ₹\u001b[0m\n                \u001b[0m135\u001b[0m\n              \u001b[36m</h3>\u001b[39m\n              \u001b[36m<div\u001b[39m\n                \u001b[33mstyle\u001b[39m=\u001b[32m\"width: 200px; height: 200px; background: var(--bg-light); margin: 0px auto; display: flex; align-items: center; justify-content: center; border-radius: 12px; overflow: hidden;\"\u001b[39m\n              \u001b[36m>\u001b[39m\n                \u001b[36m<img\u001b[39m\n                  \u001b[33malt\u001b[39m=\u001b[32m\"Scan to Pay\"\u001b[39m\n                  \u001b[33msrc\u001b[39m=\u001b[32m\"https://api.qrserver.com/v1/create-qr-code/?size=250x250&data=upi%3A%2F%2Fpay%3Fpa%3Dshubhamreddy9172-2%40okaxis%26pn%3DTheDreamyBowl%26am%3D135%26cu%3DINR\"\u001b[39m\n                  \u001b[33mstyle\u001b[39m=\u001b[32m\"width: 100%; height: 100%; object-fit: contain;\"\u001b[39m\n                \u001b[36m/>\u001b[39m\n              \u001b[36m</div>\u001b[39m\n              \u001b[36m<div\u001b[39m\n                \u001b[33mstyle\u001b[39m=\u001b[32m\"margin: 1rem 0px; font-size: 0.9rem; color: rgb(85, 85, 85);\"\u001b[39m\n              \u001b[36m>\u001b[39m\n                \u001b[36m<p\u001b[39m\n                  \u001b[33mstyle\u001b[39m=\u001b[32m\"margin-bottom: 0.5rem;\"\u001b[39m\n                \u001b[36m>\u001b[39m\n                  \u001b[0mScanning this QR will automatically request \u001b[0m\n                  \u001b[36m<strong>\u001b[39m\n                    \u001b[0m₹\u001b[0m\n                    \u001b[0m135\u001b[0m\n                  \u001b[36m</strong>\u001b[39m\n                  \u001b[0m.\u001b[0m\n                \u001b[36m</p>\u001b[39m\n                \u001b[36m<a\u001b[39m\n                  \u001b[33mhref\u001b[39m=\u001b[32m\"upi://pay?pa=shubhamreddy9172-2@okaxis&pn=TheDreamyBowl&am=135&cu=INR\"\u001b[39m\n                  \u001b[33mstyle\u001b[39m=\u001b[32m\"color: var(--primary); font-weight: bold; text-decoration: underline;\"\u001b[39m\n                \u001b[36m>\u001b[39m\n                  \u001b[0mTap to Pay on Mobile\u001b[0m\n                \u001b[36m</a>\u001b[39m\n              \u001b[36m</div>\u001b[39m\n              \u001b[36m<button\u001b[39m\n                \u001b[33mstyle\u001b[39m=\u001b[32m\"background: var(--success); color: white; width: 100%; padding: 1rem; border-radius: 12px; font-size: 1.1rem; font-weight: 700; margin: 1rem 0px; border: medium; cursor: pointer; box-shadow: 0 4px 12px rgba(72, 187, 120, 0.3);\"\u001b[39m\n              \u001b[36m>\u001b[39m\n                \u001b[0mI Have Paid ✅\u001b[0m\n              \u001b[36m</button>\u001b[39m\n              \u001b[36m<button\u001b[39m\n                \u001b[33mstyle\u001b[39m=\u001b[32m\"color: var(--dark); text-decoration: underline; font-size: 0.9rem; margin-top: 0.5rem; opacity: 1; cursor: pointer;\"\u001b[39m\n              \u001b[36m>\u001b[39m\n                \u001b[0mBack\u001b[0m\n              \u001b[36m</button>\u001b[39m\n            \u001b[36m</div>\u001b[39m\n          \u001b[36m</div>\u001b[39m\n        \u001b[36m</div>\u001b[39m\n      \u001b[36m</div>\u001b[39m\n      \u001b[36m<div\u001b[39m\n        \u001b[33mdata-testid\u001b[39m=\u001b[32m\"upsell-modal\"\u001b[39m\n      \u001b[36m>\u001b[39m\n        \u001b[36m<button>\u001b[39m\n          \u001b[0mAdd Upsell\u001b[0m\n        \u001b[36m</button>\u001b[39m\n        \u001b[36m<button>\u001b[39m\n          \u001b[0mSkip\u001b[0m\n        \u001b[36m</button>\u001b[39m\n      \u001b[36m</div>\u001b[39m\n    \u001b[36m</div>\u001b[39m\n  \u001b[36m</body>\u001b[39m\n\u001b[36m</html>\u001b[39m\n    at D:/SR/projects/Dessert Bowl/src/components/__tests__/CartModal.test.jsx:397:36\n    at runWithExpensiveErrorDiagnosticsDisabled (D:\\SR\\projects\\Dessert Bowl\\node_modules\\@testing-library\\dom\\dist\\config.js:47:12)\n    at checkCallback (D:\\SR\\projects\\Dessert Bowl\\node_modules\\@testing-library\\dom\\dist\\wait-for.js:124:77)\n    at Timeout.checkRealTimersCallback (D:\\SR\\projects\\Dessert Bowl\\node_modules\\@testing-library\\dom\\dist\\wait-for.js:118:16)\n    at listOnTimeout (node:internal/timers:605:17)\n    at processTimers (node:internal/timers:541:7)"],"meta":{}},{"ancestorTitles":["CartModal","Payment Step"],"fullName":"CartModal Payment Step should handle loyalty discount in total","status":"failed","title":"should handle loyalty discount in total","duration":1102.0144000000005,"failureMessages":["Error: Unable to find an element with the text: /Pay ₹110/i. This could be because the text is broken up by multiple elements. In this case, you can provide a function for your text matcher to make your matcher more flexible.\n\nIgnored nodes: comments, script, style\n\u001b[36m<body>\u001b[39m\n  \u001b[36m<div>\u001b[39m\n    \u001b[36m<div\u001b[39m\n      \u001b[33mstyle\u001b[39m=\u001b[32m\"position: fixed; top: 0px; left: 0px; right: 0px; bottom: 0px; background: rgba(0, 0, 0, 0.5); z-index: 1000; display: flex; align-items: flex-end;\"\u001b[39m\n    \u001b[36m>\u001b[39m\n      \u001b[36m<div\u001b[39m\n        \u001b[33mstyle\u001b[39m=\u001b[32m\"background: var(--bg-light); width: 100%; max-height: 90vh; border-top-left-radius: 24px; border-top-right-radius: 24px; display: flex; flex-direction: column; animation: slideUp 0.3s ease-out;\"\u001b[39m\n      \u001b[36m>\u001b[39m\n        \u001b[36m<div\u001b[39m\n          \u001b[33mstyle\u001b[39m=\u001b[32m\"padding: 1.5rem; border-bottom: 1px solid rgb(238, 238, 238); display: flex; justify-content: space-between; align-items: center; background: var(--white); border-top-left-radius: 24px; border-top-right-radius: 24px;\"\u001b[39m\n        \u001b[36m>\u001b[39m\n          \u001b[36m<h3>\u001b[39m\n            \u001b[0mPayment 💸\u001b[0m\n          \u001b[36m</h3>\u001b[39m\n          \u001b[36m<button>\u001b[39m\n            \u001b[36m<svg\u001b[39m\n              \u001b[33maria-hidden\u001b[39m=\u001b[32m\"true\"\u001b[39m\n              \u001b[33mclass\u001b[39m=\u001b[32m\"lucide lucide-x\"\u001b[39m\n              \u001b[33mfill\u001b[39m=\u001b[32m\"none\"\u001b[39m\n              \u001b[33mheight\u001b[39m=\u001b[32m\"24\"\u001b[39m\n              \u001b[33mstroke\u001b[39m=\u001b[32m\"currentColor\"\u001b[39m\n              \u001b[33mstroke-linecap\u001b[39m=\u001b[32m\"round\"\u001b[39m\n              \u001b[33mstroke-linejoin\u001b[39m=\u001b[32m\"round\"\u001b[39m\n              \u001b[33mstroke-width\u001b[39m=\u001b[32m\"2\"\u001b[39m\n              \u001b[33mviewBox\u001b[39m=\u001b[32m\"0 0 24 24\"\u001b[39m\n              \u001b[33mwidth\u001b[39m=\u001b[32m\"24\"\u001b[39m\n              \u001b[33mxmlns\u001b[39m=\u001b[32m\"http://www.w3.org/2000/svg\"\u001b[39m\n            \u001b[36m>\u001b[39m\n              \u001b[36m<path\u001b[39m\n                \u001b[33md\u001b[39m=\u001b[32m\"M18 6 6 18\"\u001b[39m\n              \u001b[36m/>\u001b[39m\n              \u001b[36m<path\u001b[39m\n                \u001b[33md\u001b[39m=\u001b[32m\"m6 6 12 12\"\u001b[39m\n              \u001b[36m/>\u001b[39m\n            \u001b[36m</svg>\u001b[39m\n          \u001b[36m</button>\u001b[39m\n        \u001b[36m</div>\u001b[39m\n        \u001b[36m<div\u001b[39m\n          \u001b[33mstyle\u001b[39m=\u001b[32m\"padding: 1.5rem; overflow-y: auto; flex: 1 1 0%;\"\u001b[39m\n        \u001b[36m>\u001b[39m\n          \u001b[36m<div\u001b[39m\n            \u001b[33mstyle\u001b[39m=\u001b[32m\"text-align: center; padding: 1rem; background: white; border-radius: 16px; border: 1px solid var(--border-light);\"\u001b[39m\n          \u001b[36m>\u001b[39m\n            \u001b[36m<h3\u001b[39m\n              \u001b[33mstyle\u001b[39m=\u001b[32m\"margin-bottom: 1rem;\"\u001b[39m\n            \u001b[36m>\u001b[39m\n              \u001b[0mPay ₹\u001b[0m\n              \u001b[0mNaN\u001b[0m\n            \u001b[36m</h3>\u001b[39m\n            \u001b[36m<div\u001b[39m\n              \u001b[33mstyle\u001b[39m=\u001b[32m\"width: 200px; height: 200px; background: var(--bg-light); margin: 0px auto; display: flex; align-items: center; justify-content: center; border-radius: 12px; overflow: hidden;\"\u001b[39m\n            \u001b[36m>\u001b[39m\n              \u001b[36m<img\u001b[39m\n                \u001b[33malt\u001b[39m=\u001b[32m\"Scan to Pay\"\u001b[39m\n                \u001b[33msrc\u001b[39m=\u001b[32m\"https://api.qrserver.com/v1/create-qr-code/?size=250x250&data=upi%3A%2F%2Fpay%3Fpa%3Dshubhamreddy9172-2%40okaxis%26pn%3DTheDreamyBowl%26am%3DNaN%26cu%3DINR\"\u001b[39m\n                \u001b[33mstyle\u001b[39m=\u001b[32m\"width: 100%; height: 100%; object-fit: contain;\"\u001b[39m\n              \u001b[36m/>\u001b[39m\n            \u001b[36m</div>\u001b[39m\n            \u001b[36m<div\u001b[39m\n              \u001b[33mstyle\u001b[39m=\u001b[32m\"margin: 1rem 0px; font-size: 0.9rem; color: rgb(85, 85, 85);\"\u001b[39m\n            \u001b[36m>\u001b[39m\n              \u001b[36m<p\u001b[39m\n                \u001b[33mstyle\u001b[39m=\u001b[32m\"margin-bottom: 0.5rem;\"\u001b[39m\n              \u001b[36m>\u001b[39m\n                \u001b[0mScanning this QR will automatically request \u001b[0m\n                \u001b[36m<strong>\u001b[39m\n                  \u001b[0m₹\u001b[0m\n                  \u001b[0mNaN\u001b[0m\n                \u001b[36m</strong>\u001b[39m\n                \u001b[0m.\u001b[0m\n              \u001b[36m</p>\u001b[39m\n              \u001b[36m<a\u001b[39m\n                \u001b[33mhref\u001b[39m=\u001b[32m\"upi://pay?pa=shubhamreddy9172-2@okaxis&pn=TheDreamyBowl&am=NaN&cu=INR\"\u001b[39m\n                \u001b[33mstyle\u001b[39m=\u001b[32m\"color: var(--primary); font-weight: bold; text-decoration: underline;\"\u001b[39m\n              \u001b[36m>\u001b[39m\n                \u001b[0mTap to Pay on Mobile\u001b[0m\n              \u001b[36m</a>\u001b[39m\n            \u001b[36m</div>\u001b[39m\n            \u001b[36m<button\u001b[39m\n              \u001b[33mstyle\u001b[39m=\u001b[32m\"background: var(--success); color: white; width: 100%; padding: 1rem; border-radius: 12px; font-size: 1.1rem; font-weight: 700; margin: 1rem 0px; border: medium; cursor: pointer; box-shadow: 0 4px 12px rgba(72, 187, 120, 0.3);\"\u001b[39m\n            \u001b[36m>\u001b[39m\n              \u001b[0mI Have Paid ✅\u001b[0m\n            \u001b[36m</button>\u001b[39m\n            \u001b[36m<button\u001b[39m\n              \u001b[33mstyle\u001b[39m=\u001b[32m\"color: var(--dark); text-decoration: underline; font-size: 0.9rem; margin-top: 0.5rem; opacity: 1; cursor: pointer;\"\u001b[39m\n            \u001b[36m>\u001b[39m\n              \u001b[0mBack\u001b[0m\n            \u001b[36m</button>\u001b[39m\n          \u001b[36m</div>\u001b[39m\n        \u001b[36m</div>\u001b[39m\n      \u001b[36m</div>\u001b[39m\n    \u001b[36m</div>\u001b[39m\n    \u001b[36m<div\u001b[39m\n      \u001b[33mdata-testid\u001b[39m=\u001b[32m\"upsell-modal\"\u001b[39m\n    \u001b[36m>\u001b[39m\n      \u001b[36m<button>\u001b[39m\n        \u001b[0mAdd Upsell\u001b[0m\n      \u001b[36m</button>\u001b[39m\n      \u001b[36m<button>\u001b[39m\n        \u001b[0mSkip\u001b[0m\n      \u001b[36m</button>\u001b[39m\n    \u001b[36m</div>\u001b[39m\n  \u001b[36m</div>\u001b[39m\n\u001b[36m</body>\u001b[39m\n    at Proxy.waitForWrapper (D:\\SR\\projects\\Dessert Bowl\\node_modules\\@testing-library\\dom\\dist\\wait-for.js:163:27)\n    at D:/SR/projects/Dessert Bowl/src/components/__tests__/CartModal.test.jsx:431:19\n    at file:///D:/SR/projects/Dessert%20Bowl/node_modules/@vitest/runner/dist/index.js:915:20"],"meta":{}},{"ancestorTitles":["CartModal","Order Creation"],"fullName":"CartModal Order Creation should create order with correct data","status":"failed","title":"should create order with correct data","duration":1046.5558999999994,"failureMessages":["Error: Unable to find an element with the text: /Confirm Payment/i. This could be because the text is broken up by multiple elements. In this case, you can provide a function for your text matcher to make your matcher more flexible.\n\nIgnored nodes: comments, script, style\n\u001b[36m<body>\u001b[39m\n  \u001b[36m<div>\u001b[39m\n    \u001b[36m<div\u001b[39m\n      \u001b[33mstyle\u001b[39m=\u001b[32m\"position: fixed; top: 0px; left: 0px; right: 0px; bottom: 0px; background: rgba(0, 0, 0, 0.5); z-index: 1000; display: flex; align-items: flex-end;\"\u001b[39m\n    \u001b[36m>\u001b[39m\n      \u001b[36m<div\u001b[39m\n        \u001b[33mstyle\u001b[39m=\u001b[32m\"background: var(--bg-light); width: 100%; max-height: 90vh; border-top-left-radius: 24px; border-top-right-radius: 24px; display: flex; flex-direction: column; animation: slideUp 0.3s ease-out;\"\u001b[39m\n      \u001b[36m>\u001b[39m\n        \u001b[36m<div\u001b[39m\n          \u001b[33mstyle\u001b[39m=\u001b[32m\"padding: 1.5rem; border-bottom: 1px solid rgb(238, 238, 238); display: flex; justify-content: space-between; align-items: center; background: var(--white); border-top-left-radius: 24px; border-top-right-radius: 24px;\"\u001b[39m\n        \u001b[36m>\u001b[39m\n          \u001b[36m<h3>\u001b[39m\n            \u001b[0mPayment 💸\u001b[0m\n          \u001b[36m</h3>\u001b[39m\n          \u001b[36m<button>\u001b[39m\n            \u001b[36m<svg\u001b[39m\n              \u001b[33maria-hidden\u001b[39m=\u001b[32m\"true\"\u001b[39m\n              \u001b[33mclass\u001b[39m=\u001b[32m\"lucide lucide-x\"\u001b[39m\n              \u001b[33mfill\u001b[39m=\u001b[32m\"none\"\u001b[39m\n              \u001b[33mheight\u001b[39m=\u001b[32m\"24\"\u001b[39m\n              \u001b[33mstroke\u001b[39m=\u001b[32m\"currentColor\"\u001b[39m\n              \u001b[33mstroke-linecap\u001b[39m=\u001b[32m\"round\"\u001b[39m\n              \u001b[33mstroke-linejoin\u001b[39m=\u001b[32m\"round\"\u001b[39m\n              \u001b[33mstroke-width\u001b[39m=\u001b[32m\"2\"\u001b[39m\n              \u001b[33mviewBox\u001b[39m=\u001b[32m\"0 0 24 24\"\u001b[39m\n              \u001b[33mwidth\u001b[39m=\u001b[32m\"24\"\u001b[39m\n              \u001b[33mxmlns\u001b[39m=\u001b[32m\"http://www.w3.org/2000/svg\"\u001b[39m\n            \u001b[36m>\u001b[39m\n              \u001b[36m<path\u001b[39m\n                \u001b[33md\u001b[39m=\u001b[32m\"M18 6 6 18\"\u001b[39m\n              \u001b[36m/>\u001b[39m\n              \u001b[36m<path\u001b[39m\n                \u001b[33md\u001b[39m=\u001b[32m\"m6 6 12 12\"\u001b[39m\n              \u001b[36m/>\u001b[39m\n            \u001b[36m</svg>\u001b[39m\n          \u001b[36m</button>\u001b[39m\n        \u001b[36m</div>\u001b[39m\n        \u001b[36m<div\u001b[39m\n          \u001b[33mstyle\u001b[39m=\u001b[32m\"padding: 1.5rem; overflow-y: auto; flex: 1 1 0%;\"\u001b[39m\n        \u001b[36m>\u001b[39m\n          \u001b[36m<div\u001b[39m\n            \u001b[33mstyle\u001b[39m=\u001b[32m\"text-align: center; padding: 1rem; background: white; border-radius: 16px; border: 1px solid var(--border-light);\"\u001b[39m\n          \u001b[36m>\u001b[39m\n            \u001b[36m<h3\u001b[39m\n              \u001b[33mstyle\u001b[39m=\u001b[32m\"margin-bottom: 1rem;\"\u001b[39m\n            \u001b[36m>\u001b[39m\n              \u001b[0mPay ₹\u001b[0m\n              \u001b[0m135\u001b[0m\n            \u001b[36m</h3>\u001b[39m\n            \u001b[36m<div\u001b[39m\n              \u001b[33mstyle\u001b[39m=\u001b[32m\"width: 200px; height: 200px; background: var(--bg-light); margin: 0px auto; display: flex; align-items: center; justify-content: center; border-radius: 12px; overflow: hidden;\"\u001b[39m\n            \u001b[36m>\u001b[39m\n              \u001b[36m<img\u001b[39m\n                \u001b[33malt\u001b[39m=\u001b[32m\"Scan to Pay\"\u001b[39m\n                \u001b[33msrc\u001b[39m=\u001b[32m\"https://api.qrserver.com/v1/create-qr-code/?size=250x250&data=upi%3A%2F%2Fpay%3Fpa%3Dshubhamreddy9172-2%40okaxis%26pn%3DTheDreamyBowl%26am%3D135%26cu%3DINR\"\u001b[39m\n                \u001b[33mstyle\u001b[39m=\u001b[32m\"width: 100%; height: 100%; object-fit: contain;\"\u001b[39m\n              \u001b[36m/>\u001b[39m\n            \u001b[36m</div>\u001b[39m\n            \u001b[36m<div\u001b[39m\n              \u001b[33mstyle\u001b[39m=\u001b[32m\"margin: 1rem 0px; font-size: 0.9rem; color: rgb(85, 85, 85);\"\u001b[39m\n            \u001b[36m>\u001b[39m\n              \u001b[36m<p\u001b[39m\n                \u001b[33mstyle\u001b[39m=\u001b[32m\"margin-bottom: 0.5rem;\"\u001b[39m\n              \u001b[36m>\u001b[39m\n                \u001b[0mScanning this QR will automatically request \u001b[0m\n                \u001b[36m<strong>\u001b[39m\n                  \u001b[0m₹\u001b[0m\n                  \u001b[0m135\u001b[0m\n                \u001b[36m</strong>\u001b[39m\n                \u001b[0m.\u001b[0m\n              \u001b[36m</p>\u001b[39m\n              \u001b[36m<a\u001b[39m\n                \u001b[33mhref\u001b[39m=\u001b[32m\"upi://pay?pa=shubhamreddy9172-2@okaxis&pn=TheDreamyBowl&am=135&cu=INR\"\u001b[39m\n                \u001b[33mstyle\u001b[39m=\u001b[32m\"color: var(--primary); font-weight: bold; text-decoration: underline;\"\u001b[39m\n              \u001b[36m>\u001b[39m\n                \u001b[0mTap to Pay on Mobile\u001b[0m\n              \u001b[36m</a>\u001b[39m\n            \u001b[36m</div>\u001b[39m\n            \u001b[36m<button\u001b[39m\n              \u001b[33mstyle\u001b[39m=\u001b[32m\"background: var(--success); color: white; width: 100%; padding: 1rem; border-radius: 12px; font-size: 1.1rem; font-weight: 700; margin: 1rem 0px; border: medium; cursor: pointer; box-shadow: 0 4px 12px rgba(72, 187, 120, 0.3);\"\u001b[39m\n            \u001b[36m>\u001b[39m\n              \u001b[0mI Have Paid ✅\u001b[0m\n            \u001b[36m</button>\u001b[39m\n            \u001b[36m<button\u001b[39m\n              \u001b[33mstyle\u001b[39m=\u001b[32m\"color: var(--dark); text-decoration: underline; font-size: 0.9rem; margin-top: 0.5rem; opacity: 1; cursor: pointer;\"\u001b[39m\n            \u001b[36m>\u001b[39m\n              \u001b[0mBack\u001b[0m\n            \u001b[36m</button>\u001b[39m\n          \u001b[36m</div>\u001b[39m\n        \u001b[36m</div>\u001b[39m\n      \u001b[36m</div>\u001b[39m\n    \u001b[36m</div>\u001b[39m\n    \u001b[36m<div\u001b[39m\n      \u001b[33mdata-testid\u001b[39m=\u001b[32m\"upsell-modal\"\u001b[39m\n    \u001b[36m>\u001b[39m\n      \u001b[36m<button>\u001b[39m\n        \u001b[0mAdd Upsell\u001b[0m\n      \u001b[36m</button>\u001b[39m\n      \u001b[36m<button>\u001b[39m\n        \u001b[0mSkip\u001b[0m\n      \u001b[36m</button>\u001b[39m\n    \u001b[36m</div>\u001b[39m\n  \u001b[36m</div>\u001b[39m\n\u001b[36m</body>\u001b[39m\n    at Proxy.waitForWrapper (D:\\SR\\projects\\Dessert Bowl\\node_modules\\@testing-library\\dom\\dist\\wait-for.js:163:27)\n    at completeCheckout (D:/SR/projects/Dessert Bowl/src/components/__tests__/CartModal.test.jsx:456:19)\n    at D:/SR/projects/Dessert Bowl/src/components/__tests__/CartModal.test.jsx:469:13\n    at file:///D:/SR/projects/Dessert%20Bowl/node_modules/@vitest/runner/dist/index.js:915:20"],"meta":{}},{"ancestorTitles":["CartModal","Order Creation"],"fullName":"CartModal Order Creation should award loyalty points after order","status":"failed","title":"should award loyalty points after order","duration":1046.3215,"failureMessages":["Error: Unable to find an element with the text: /Confirm Payment/i. This could be because the text is broken up by multiple elements. In this case, you can provide a function for your text matcher to make your matcher more flexible.\n\nIgnored nodes: comments, script, style\n\u001b[36m<body>\u001b[39m\n  \u001b[36m<div>\u001b[39m\n    \u001b[36m<div\u001b[39m\n      \u001b[33mstyle\u001b[39m=\u001b[32m\"position: fixed; top: 0px; left: 0px; right: 0px; bottom: 0px; background: rgba(0, 0, 0, 0.5); z-index: 1000; display: flex; align-items: flex-end;\"\u001b[39m\n    \u001b[36m>\u001b[39m\n      \u001b[36m<div\u001b[39m\n        \u001b[33mstyle\u001b[39m=\u001b[32m\"background: var(--bg-light); width: 100%; max-height: 90vh; border-top-left-radius: 24px; border-top-right-radius: 24px; display: flex; flex-direction: column; animation: slideUp 0.3s ease-out;\"\u001b[39m\n      \u001b[36m>\u001b[39m\n        \u001b[36m<div\u001b[39m\n          \u001b[33mstyle\u001b[39m=\u001b[32m\"padding: 1.5rem; border-bottom: 1px solid rgb(238, 238, 238); display: flex; justify-content: space-between; align-items: center; background: var(--white); border-top-left-radius: 24px; border-top-right-radius: 24px;\"\u001b[39m\n        \u001b[36m>\u001b[39m\n          \u001b[36m<h3>\u001b[39m\n            \u001b[0mPayment 💸\u001b[0m\n          \u001b[36m</h3>\u001b[39m\n          \u001b[36m<button>\u001b[39m\n            \u001b[36m<svg\u001b[39m\n              \u001b[33maria-hidden\u001b[39m=\u001b[32m\"true\"\u001b[39m\n              \u001b[33mclass\u001b[39m=\u001b[32m\"lucide lucide-x\"\u001b[39m\n              \u001b[33mfill\u001b[39m=\u001b[32m\"none\"\u001b[39m\n              \u001b[33mheight\u001b[39m=\u001b[32m\"24\"\u001b[39m\n              \u001b[33mstroke\u001b[39m=\u001b[32m\"currentColor\"\u001b[39m\n              \u001b[33mstroke-linecap\u001b[39m=\u001b[32m\"round\"\u001b[39m\n              \u001b[33mstroke-linejoin\u001b[39m=\u001b[32m\"round\"\u001b[39m\n              \u001b[33mstroke-width\u001b[39m=\u001b[32m\"2\"\u001b[39m\n              \u001b[33mviewBox\u001b[39m=\u001b[32m\"0 0 24 24\"\u001b[39m\n              \u001b[33mwidth\u001b[39m=\u001b[32m\"24\"\u001b[39m\n              \u001b[33mxmlns\u001b[39m=\u001b[32m\"http://www.w3.org/2000/svg\"\u001b[39m\n            \u001b[36m>\u001b[39m\n              \u001b[36m<path\u001b[39m\n                \u001b[33md\u001b[39m=\u001b[32m\"M18 6 6 18\"\u001b[39m\n              \u001b[36m/>\u001b[39m\n              \u001b[36m<path\u001b[39m\n                \u001b[33md\u001b[39m=\u001b[32m\"m6 6 12 12\"\u001b[39m\n              \u001b[36m/>\u001b[39m\n            \u001b[36m</svg>\u001b[39m\n          \u001b[36m</button>\u001b[39m\n        \u001b[36m</div>\u001b[39m\n        \u001b[36m<div\u001b[39m\n          \u001b[33mstyle\u001b[39m=\u001b[32m\"padding: 1.5rem; overflow-y: auto; flex: 1 1 0%;\"\u001b[39m\n        \u001b[36m>\u001b[39m\n          \u001b[36m<div\u001b[39m\n            \u001b[33mstyle\u001b[39m=\u001b[32m\"text-align: center; padding: 1rem; background: white; border-radius: 16px; border: 1px solid var(--border-light);\"\u001b[39m\n          \u001b[36m>\u001b[39m\n            \u001b[36m<h3\u001b[39m\n              \u001b[33mstyle\u001b[39m=\u001b[32m\"margin-bottom: 1rem;\"\u001b[39m\n            \u001b[36m>\u001b[39m\n              \u001b[0mPay ₹\u001b[0m\n              \u001b[0m135\u001b[0m\n            \u001b[36m</h3>\u001b[39m\n            \u001b[36m<div\u001b[39m\n              \u001b[33mstyle\u001b[39m=\u001b[32m\"width: 200px; height: 200px; background: var(--bg-light); margin: 0px auto; display: flex; align-items: center; justify-content: center; border-radius: 12px; overflow: hidden;\"\u001b[39m\n            \u001b[36m>\u001b[39m\n              \u001b[36m<img\u001b[39m\n                \u001b[33malt\u001b[39m=\u001b[32m\"Scan to Pay\"\u001b[39m\n                \u001b[33msrc\u001b[39m=\u001b[32m\"https://api.qrserver.com/v1/create-qr-code/?size=250x250&data=upi%3A%2F%2Fpay%3Fpa%3Dshubhamreddy9172-2%40okaxis%26pn%3DTheDreamyBowl%26am%3D135%26cu%3DINR\"\u001b[39m\n                \u001b[33mstyle\u001b[39m=\u001b[32m\"width: 100%; height: 100%; object-fit: contain;\"\u001b[39m\n              \u001b[36m/>\u001b[39m\n            \u001b[36m</div>\u001b[39m\n            \u001b[36m<div\u001b[39m\n              \u001b[33mstyle\u001b[39m=\u001b[32m\"margin: 1rem 0px; font-size: 0.9rem; color: rgb(85, 85, 85);\"\u001b[39m\n            \u001b[36m>\u001b[39m\n              \u001b[36m<p\u001b[39m\n                \u001b[33mstyle\u001b[39m=\u001b[32m\"margin-bottom: 0.5rem;\"\u001b[39m\n              \u001b[36m>\u001b[39m\n                \u001b[0mScanning this QR will automatically request \u001b[0m\n                \u001b[36m<strong>\u001b[39m\n                  \u001b[0m₹\u001b[0m\n                  \u001b[0m135\u001b[0m\n                \u001b[36m</strong>\u001b[39m\n                \u001b[0m.\u001b[0m\n              \u001b[36m</p>\u001b[39m\n              \u001b[36m<a\u001b[39m\n                \u001b[33mhref\u001b[39m=\u001b[32m\"upi://pay?pa=shubhamreddy9172-2@okaxis&pn=TheDreamyBowl&am=135&cu=INR\"\u001b[39m\n                \u001b[33mstyle\u001b[39m=\u001b[32m\"color: var(--primary); font-weight: bold; text-decoration: underline;\"\u001b[39m\n              \u001b[36m>\u001b[39m\n                \u001b[0mTap to Pay on Mobile\u001b[0m\n              \u001b[36m</a>\u001b[39m\n            \u001b[36m</div>\u001b[39m\n            \u001b[36m<button\u001b[39m\n              \u001b[33mstyle\u001b[39m=\u001b[32m\"background: var(--success); color: white; width: 100%; padding: 1rem; border-radius: 12px; font-size: 1.1rem; font-weight: 700; margin: 1rem 0px; border: medium; cursor: pointer; box-shadow: 0 4px 12px rgba(72, 187, 120, 0.3);\"\u001b[39m\n            \u001b[36m>\u001b[39m\n              \u001b[0mI Have Paid ✅\u001b[0m\n            \u001b[36m</button>\u001b[39m\n            \u001b[36m<button\u001b[39m\n              \u001b[33mstyle\u001b[39m=\u001b[32m\"color: var(--dark); text-decoration: underline; font-size: 0.9rem; margin-top: 0.5rem; opacity: 1; cursor: pointer;\"\u001b[39m\n            \u001b[36m>\u001b[39m\n              \u001b[0mBack\u001b[0m\n            \u001b[36m</button>\u001b[39m\n          \u001b[36m</div>\u001b[39m\n        \u001b[36m</div>\u001b[39m\n      \u001b[36m</div>\u001b[39m\n    \u001b[36m</div>\u001b[39m\n    \u001b[36m<div\u001b[39m\n      \u001b[33mdata-testid\u001b[39m=\u001b[32m\"upsell-modal\"\u001b[39m\n    \u001b[36m>\u001b[39m\n      \u001b[36m<button>\u001b[39m\n        \u001b[0mAdd Upsell\u001b[0m\n      \u001b[36m</button>\u001b[39m\n      \u001b[36m<button>\u001b[39m\n        \u001b[0mSkip\u001b[0m\n      \u001b[36m</button>\u001b[39m\n    \u001b[36m</div>\u001b[39m\n  \u001b[36m</div>\u001b[39m\n\u001b[36m</body>\u001b[39m\n    at Proxy.waitForWrapper (D:\\SR\\projects\\Dessert Bowl\\node_modules\\@testing-library\\dom\\dist\\wait-for.js:163:27)\n    at completeCheckout (D:/SR/projects/Dessert Bowl/src/components/__tests__/CartModal.test.jsx:456:19)\n    at D:/SR/projects/Dessert Bowl/src/components/__tests__/CartModal.test.jsx:485:13\n    at file:///D:/SR/projects/Dessert%20Bowl/node_modules/@vitest/runner/dist/index.js:915:20"],"meta":{}},{"ancestorTitles":["CartModal","Order Creation"],"fullName":"CartModal Order Creation should clear cart after successful order","status":"failed","title":"should clear cart after successful order","duration":1046.2760000000007,"failureMessages":["Error: Unable to find an element with the text: /Confirm Payment/i. This could be because the text is broken up by multiple elements. In this case, you can provide a function for your text matcher to make your matcher more flexible.\n\nIgnored nodes: comments, script, style\n\u001b[36m<body>\u001b[39m\n  \u001b[36m<div>\u001b[39m\n    \u001b[36m<div\u001b[39m\n      \u001b[33mstyle\u001b[39m=\u001b[32m\"position: fixed; top: 0px; left: 0px; right: 0px; bottom: 0px; background: rgba(0, 0, 0, 0.5); z-index: 1000; display: flex; align-items: flex-end;\"\u001b[39m\n    \u001b[36m>\u001b[39m\n      \u001b[36m<div\u001b[39m\n        \u001b[33mstyle\u001b[39m=\u001b[32m\"background: var(--bg-light); width: 100%; max-height: 90vh; border-top-left-radius: 24px; border-top-right-radius: 24px; display: flex; flex-direction: column; animation: slideUp 0.3s ease-out;\"\u001b[39m\n      \u001b[36m>\u001b[39m\n        \u001b[36m<div\u001b[39m\n          \u001b[33mstyle\u001b[39m=\u001b[32m\"padding: 1.5rem; border-bottom: 1px solid rgb(238, 238, 238); display: flex; justify-content: space-between; align-items: center; background: var(--white); border-top-left-radius: 24px; border-top-right-radius: 24px;\"\u001b[39m\n        \u001b[36m>\u001b[39m\n          \u001b[36m<h3>\u001b[39m\n            \u001b[0mPayment 💸\u001b[0m\n          \u001b[36m</h3>\u001b[39m\n          \u001b[36m<button>\u001b[39m\n            \u001b[36m<svg\u001b[39m\n              \u001b[33maria-hidden\u001b[39m=\u001b[32m\"true\"\u001b[39m\n              \u001b[33mclass\u001b[39m=\u001b[32m\"lucide lucide-x\"\u001b[39m\n              \u001b[33mfill\u001b[39m=\u001b[32m\"none\"\u001b[39m\n              \u001b[33mheight\u001b[39m=\u001b[32m\"24\"\u001b[39m\n              \u001b[33mstroke\u001b[39m=\u001b[32m\"currentColor\"\u001b[39m\n              \u001b[33mstroke-linecap\u001b[39m=\u001b[32m\"round\"\u001b[39m\n              \u001b[33mstroke-linejoin\u001b[39m=\u001b[32m\"round\"\u001b[39m\n              \u001b[33mstroke-width\u001b[39m=\u001b[32m\"2\"\u001b[39m\n              \u001b[33mviewBox\u001b[39m=\u001b[32m\"0 0 24 24\"\u001b[39m\n              \u001b[33mwidth\u001b[39m=\u001b[32m\"24\"\u001b[39m\n              \u001b[33mxmlns\u001b[39m=\u001b[32m\"http://www.w3.org/2000/svg\"\u001b[39m\n            \u001b[36m>\u001b[39m\n              \u001b[36m<path\u001b[39m\n                \u001b[33md\u001b[39m=\u001b[32m\"M18 6 6 18\"\u001b[39m\n              \u001b[36m/>\u001b[39m\n              \u001b[36m<path\u001b[39m\n                \u001b[33md\u001b[39m=\u001b[32m\"m6 6 12 12\"\u001b[39m\n              \u001b[36m/>\u001b[39m\n            \u001b[36m</svg>\u001b[39m\n          \u001b[36m</button>\u001b[39m\n        \u001b[36m</div>\u001b[39m\n        \u001b[36m<div\u001b[39m\n          \u001b[33mstyle\u001b[39m=\u001b[32m\"padding: 1.5rem; overflow-y: auto; flex: 1 1 0%;\"\u001b[39m\n        \u001b[36m>\u001b[39m\n          \u001b[36m<div\u001b[39m\n            \u001b[33mstyle\u001b[39m=\u001b[32m\"text-align: center; padding: 1rem; background: white; border-radius: 16px; border: 1px solid var(--border-light);\"\u001b[39m\n          \u001b[36m>\u001b[39m\n            \u001b[36m<h3\u001b[39m\n              \u001b[33mstyle\u001b[39m=\u001b[32m\"margin-bottom: 1rem;\"\u001b[39m\n            \u001b[36m>\u001b[39m\n              \u001b[0mPay ₹\u001b[0m\n              \u001b[0m135\u001b[0m\n            \u001b[36m</h3>\u001b[39m\n            \u001b[36m<div\u001b[39m\n              \u001b[33mstyle\u001b[39m=\u001b[32m\"width: 200px; height: 200px; background: var(--bg-light); margin: 0px auto; display: flex; align-items: center; justify-content: center; border-radius: 12px; overflow: hidden;\"\u001b[39m\n            \u001b[36m>\u001b[39m\n              \u001b[36m<img\u001b[39m\n                \u001b[33malt\u001b[39m=\u001b[32m\"Scan to Pay\"\u001b[39m\n                \u001b[33msrc\u001b[39m=\u001b[32m\"https://api.qrserver.com/v1/create-qr-code/?size=250x250&data=upi%3A%2F%2Fpay%3Fpa%3Dshubhamreddy9172-2%40okaxis%26pn%3DTheDreamyBowl%26am%3D135%26cu%3DINR\"\u001b[39m\n                \u001b[33mstyle\u001b[39m=\u001b[32m\"width: 100%; height: 100%; object-fit: contain;\"\u001b[39m\n              \u001b[36m/>\u001b[39m\n            \u001b[36m</div>\u001b[39m\n            \u001b[36m<div\u001b[39m\n              \u001b[33mstyle\u001b[39m=\u001b[32m\"margin: 1rem 0px; font-size: 0.9rem; color: rgb(85, 85, 85);\"\u001b[39m\n            \u001b[36m>\u001b[39m\n              \u001b[36m<p\u001b[39m\n                \u001b[33mstyle\u001b[39m=\u001b[32m\"margin-bottom: 0.5rem;\"\u001b[39m\n              \u001b[36m>\u001b[39m\n                \u001b[0mScanning this QR will automatically request \u001b[0m\n                \u001b[36m<strong>\u001b[39m\n                  \u001b[0m₹\u001b[0m\n                  \u001b[0m135\u001b[0m\n                \u001b[36m</strong>\u001b[39m\n                \u001b[0m.\u001b[0m\n              \u001b[36m</p>\u001b[39m\n              \u001b[36m<a\u001b[39m\n                \u001b[33mhref\u001b[39m=\u001b[32m\"upi://pay?pa=shubhamreddy9172-2@okaxis&pn=TheDreamyBowl&am=135&cu=INR\"\u001b[39m\n                \u001b[33mstyle\u001b[39m=\u001b[32m\"color: var(--primary); font-weight: bold; text-decoration: underline;\"\u001b[39m\n              \u001b[36m>\u001b[39m\n                \u001b[0mTap to Pay on Mobile\u001b[0m\n              \u001b[36m</a>\u001b[39m\n            \u001b[36m</div>\u001b[39m\n            \u001b[36m<button\u001b[39m\n              \u001b[33mstyle\u001b[39m=\u001b[32m\"background: var(--success); color: white; width: 100%; padding: 1rem; border-radius: 12px; font-size: 1.1rem; font-weight: 700; margin: 1rem 0px; border: medium; cursor: pointer; box-shadow: 0 4px 12px rgba(72, 187, 120, 0.3);\"\u001b[39m\n            \u001b[36m>\u001b[39m\n              \u001b[0mI Have Paid ✅\u001b[0m\n            \u001b[36m</button>\u001b[39m\n            \u001b[36m<button\u001b[39m\n              \u001b[33mstyle\u001b[39m=\u001b[32m\"color: var(--dark); text-decoration: underline; font-size: 0.9rem; margin-top: 0.5rem; opacity: 1; cursor: pointer;\"\u001b[39m\n            \u001b[36m>\u001b[39m\n              \u001b[0mBack\u001b[0m\n            \u001b[36m</button>\u001b[39m\n          \u001b[36m</div>\u001b[39m\n        \u001b[36m</div>\u001b[39m\n      \u001b[36m</div>\u001b[39m\n    \u001b[36m</div>\u001b[39m\n    \u001b[36m<div\u001b[39m\n      \u001b[33mdata-testid\u001b[39m=\u001b[32m\"upsell-modal\"\u001b[39m\n    \u001b[36m>\u001b[39m\n      \u001b[36m<button>\u001b[39m\n        \u001b[0mAdd Upsell\u001b[0m\n      \u001b[36m</button>\u001b[39m\n      \u001b[36m<button>\u001b[39m\n        \u001b[0mSkip\u001b[0m\n      \u001b[36m</button>\u001b[39m\n    \u001b[36m</div>\u001b[39m\n  \u001b[36m</div>\u001b[39m\n\u001b[36m</body>\u001b[39m\n    at Proxy.waitForWrapper (D:\\SR\\projects\\Dessert Bowl\\node_modules\\@testing-library\\dom\\dist\\wait-for.js:163:27)\n    at completeCheckout (D:/SR/projects/Dessert Bowl/src/components/__tests__/CartModal.test.jsx:456:19)\n    at D:/SR/projects/Dessert Bowl/src/components/__tests__/CartModal.test.jsx:497:13\n    at file:///D:/SR/projects/Dessert%20Bowl/node_modules/@vitest/runner/dist/index.js:915:20"],"meta":{}},{"ancestorTitles":["CartModal","Order Creation"],"fullName":"CartModal Order Creation should show success message","status":"failed","title":"should show success message","duration":1056.1713999999993,"failureMessages":["Error: Unable to find an element with the text: /Confirm Payment/i. This could be because the text is broken up by multiple elements. In this case, you can provide a function for your text matcher to make your matcher more flexible.\n\nIgnored nodes: comments, script, style\n\u001b[36m<body>\u001b[39m\n  \u001b[36m<div>\u001b[39m\n    \u001b[36m<div\u001b[39m\n      \u001b[33mstyle\u001b[39m=\u001b[32m\"position: fixed; top: 0px; left: 0px; right: 0px; bottom: 0px; background: rgba(0, 0, 0, 0.5); z-index: 1000; display: flex; align-items: flex-end;\"\u001b[39m\n    \u001b[36m>\u001b[39m\n      \u001b[36m<div\u001b[39m\n        \u001b[33mstyle\u001b[39m=\u001b[32m\"background: var(--bg-light); width: 100%; max-height: 90vh; border-top-left-radius: 24px; border-top-right-radius: 24px; display: flex; flex-direction: column; animation: slideUp 0.3s ease-out;\"\u001b[39m\n      \u001b[36m>\u001b[39m\n        \u001b[36m<div\u001b[39m\n          \u001b[33mstyle\u001b[39m=\u001b[32m\"padding: 1.5rem; border-bottom: 1px solid rgb(238, 238, 238); display: flex; justify-content: space-between; align-items: center; background: var(--white); border-top-left-radius: 24px; border-top-right-radius: 24px;\"\u001b[39m\n        \u001b[36m>\u001b[39m\n          \u001b[36m<h3>\u001b[39m\n            \u001b[0mPayment 💸\u001b[0m\n          \u001b[36m</h3>\u001b[39m\n          \u001b[36m<button>\u001b[39m\n            \u001b[36m<svg\u001b[39m\n              \u001b[33maria-hidden\u001b[39m=\u001b[32m\"true\"\u001b[39m\n              \u001b[33mclass\u001b[39m=\u001b[32m\"lucide lucide-x\"\u001b[39m\n              \u001b[33mfill\u001b[39m=\u001b[32m\"none\"\u001b[39m\n              \u001b[33mheight\u001b[39m=\u001b[32m\"24\"\u001b[39m\n              \u001b[33mstroke\u001b[39m=\u001b[32m\"currentColor\"\u001b[39m\n              \u001b[33mstroke-linecap\u001b[39m=\u001b[32m\"round\"\u001b[39m\n              \u001b[33mstroke-linejoin\u001b[39m=\u001b[32m\"round\"\u001b[39m\n              \u001b[33mstroke-width\u001b[39m=\u001b[32m\"2\"\u001b[39m\n              \u001b[33mviewBox\u001b[39m=\u001b[32m\"0 0 24 24\"\u001b[39m\n              \u001b[33mwidth\u001b[39m=\u001b[32m\"24\"\u001b[39m\n              \u001b[33mxmlns\u001b[39m=\u001b[32m\"http://www.w3.org/2000/svg\"\u001b[39m\n            \u001b[36m>\u001b[39m\n              \u001b[36m<path\u001b[39m\n                \u001b[33md\u001b[39m=\u001b[32m\"M18 6 6 18\"\u001b[39m\n              \u001b[36m/>\u001b[39m\n              \u001b[36m<path\u001b[39m\n                \u001b[33md\u001b[39m=\u001b[32m\"m6 6 12 12\"\u001b[39m\n              \u001b[36m/>\u001b[39m\n            \u001b[36m</svg>\u001b[39m\n          \u001b[36m</button>\u001b[39m\n        \u001b[36m</div>\u001b[39m\n        \u001b[36m<div\u001b[39m\n          \u001b[33mstyle\u001b[39m=\u001b[32m\"padding: 1.5rem; overflow-y: auto; flex: 1 1 0%;\"\u001b[39m\n        \u001b[36m>\u001b[39m\n          \u001b[36m<div\u001b[39m\n            \u001b[33mstyle\u001b[39m=\u001b[32m\"text-align: center; padding: 1rem; background: white; border-radius: 16px; border: 1px solid var(--border-light);\"\u001b[39m\n          \u001b[36m>\u001b[39m\n            \u001b[36m<h3\u001b[39m\n              \u001b[33mstyle\u001b[39m=\u001b[32m\"margin-bottom: 1rem;\"\u001b[39m\n            \u001b[36m>\u001b[39m\n              \u001b[0mPay ₹\u001b[0m\n              \u001b[0m135\u001b[0m\n            \u001b[36m</h3>\u001b[39m\n            \u001b[36m<div\u001b[39m\n              \u001b[33mstyle\u001b[39m=\u001b[32m\"width: 200px; height: 200px; background: var(--bg-light); margin: 0px auto; display: flex; align-items: center; justify-content: center; border-radius: 12px; overflow: hidden;\"\u001b[39m\n            \u001b[36m>\u001b[39m\n              \u001b[36m<img\u001b[39m\n                \u001b[33malt\u001b[39m=\u001b[32m\"Scan to Pay\"\u001b[39m\n                \u001b[33msrc\u001b[39m=\u001b[32m\"https://api.qrserver.com/v1/create-qr-code/?size=250x250&data=upi%3A%2F%2Fpay%3Fpa%3Dshubhamreddy9172-2%40okaxis%26pn%3DTheDreamyBowl%26am%3D135%26cu%3DINR\"\u001b[39m\n                \u001b[33mstyle\u001b[39m=\u001b[32m\"width: 100%; height: 100%; object-fit: contain;\"\u001b[39m\n              \u001b[36m/>\u001b[39m\n            \u001b[36m</div>\u001b[39m\n            \u001b[36m<div\u001b[39m\n              \u001b[33mstyle\u001b[39m=\u001b[32m\"margin: 1rem 0px; font-size: 0.9rem; color: rgb(85, 85, 85);\"\u001b[39m\n            \u001b[36m>\u001b[39m\n              \u001b[36m<p\u001b[39m\n                \u001b[33mstyle\u001b[39m=\u001b[32m\"margin-bottom: 0.5rem;\"\u001b[39m\n              \u001b[36m>\u001b[39m\n                \u001b[0mScanning this QR will automatically request \u001b[0m\n                \u001b[36m<strong>\u001b[39m\n                  \u001b[0m₹\u001b[0m\n                  \u001b[0m135\u001b[0m\n                \u001b[36m</strong>\u001b[39m\n                \u001b[0m.\u001b[0m\n              \u001b[36m</p>\u001b[39m\n              \u001b[36m<a\u001b[39m\n                \u001b[33mhref\u001b[39m=\u001b[32m\"upi://pay?pa=shubhamreddy9172-2@okaxis&pn=TheDreamyBowl&am=135&cu=INR\"\u001b[39m\n                \u001b[33mstyle\u001b[39m=\u001b[32m\"color: var(--primary); font-weight: bold; text-decoration: underline;\"\u001b[39m\n              \u001b[36m>\u001b[39m\n                \u001b[0mTap to Pay on Mobile\u001b[0m\n              \u001b[36m</a>\u001b[39m\n            \u001b[36m</div>\u001b[39m\n            \u001b[36m<button\u001b[39m\n              \u001b[33mstyle\u001b[39m=\u001b[32m\"background: var(--success); color: white; width: 100%; padding: 1rem; border-radius: 12px; font-size: 1.1rem; font-weight: 700; margin: 1rem 0px; border: medium; cursor: pointer; box-shadow: 0 4px 12px rgba(72, 187, 120, 0.3);\"\u001b[39m\n            \u001b[36m>\u001b[39m\n              \u001b[0mI Have Paid ✅\u001b[0m\n            \u001b[36m</button>\u001b[39m\n            \u001b[36m<button\u001b[39m\n              \u001b[33mstyle\u001b[39m=\u001b[32m\"color: var(--dark); text-decoration: underline; font-size: 0.9rem; margin-top: 0.5rem; opacity: 1; cursor: pointer;\"\u001b[39m\n            \u001b[36m>\u001b[39m\n              \u001b[0mBack\u001b[0m\n            \u001b[36m</button>\u001b[39m\n          \u001b[36m</div>\u001b[39m\n        \u001b[36m</div>\u001b[39m\n      \u001b[36m</div>\u001b[39m\n    \u001b[36m</div>\u001b[39m\n    \u001b[36m<div\u001b[39m\n      \u001b[33mdata-testid\u001b[39m=\u001b[32m\"upsell-modal\"\u001b[39m\n    \u001b[36m>\u001b[39m\n      \u001b[36m<button>\u001b[39m\n        \u001b[0mAdd Upsell\u001b[0m\n      \u001b[36m</button>\u001b[39m\n      \u001b[36m<button>\u001b[39m\n        \u001b[0mSkip\u001b[0m\n      \u001b[36m</button>\u001b[39m\n    \u001b[36m</div>\u001b[39m\n  \u001b[36m</div>\u001b[39m\n\u001b[36m</body>\u001b[39m\n    at Proxy.waitForWrapper (D:\\SR\\projects\\Dessert Bowl\\node_modules\\@testing-library\\dom\\dist\\wait-for.js:163:27)\n    at completeCheckout (D:/SR/projects/Dessert Bowl/src/components/__tests__/CartModal.test.jsx:456:19)\n    at D:/SR/projects/Dessert Bowl/src/components/__tests__/CartModal.test.jsx:505:13\n    at file:///D:/SR/projects/Dessert%20Bowl/node_modules/@vitest/runner/dist/index.js:915:20"],"meta":{}},{"ancestorTitles":["CartModal","Order Creation"],"fullName":"CartModal Order Creation should handle order creation failure","status":"failed","title":"should handle order creation failure","duration":1038.7690000000002,"failureMessages":["Error: Unable to find an element with the text: /Confirm Payment/i. This could be because the text is broken up by multiple elements. In this case, you can provide a function for your text matcher to make your matcher more flexible.\n\nIgnored nodes: comments, script, style\n\u001b[36m<body>\u001b[39m\n  \u001b[36m<div>\u001b[39m\n    \u001b[36m<div\u001b[39m\n      \u001b[33mstyle\u001b[39m=\u001b[32m\"position: fixed; top: 0px; left: 0px; right: 0px; bottom: 0px; background: rgba(0, 0, 0, 0.5); z-index: 1000; display: flex; align-items: flex-end;\"\u001b[39m\n    \u001b[36m>\u001b[39m\n      \u001b[36m<div\u001b[39m\n        \u001b[33mstyle\u001b[39m=\u001b[32m\"background: var(--bg-light); width: 100%; max-height: 90vh; border-top-left-radius: 24px; border-top-right-radius: 24px; display: flex; flex-direction: column; animation: slideUp 0.3s ease-out;\"\u001b[39m\n      \u001b[36m>\u001b[39m\n        \u001b[36m<div\u001b[39m\n          \u001b[33mstyle\u001b[39m=\u001b[32m\"padding: 1.5rem; border-bottom: 1px solid rgb(238, 238, 238); display: flex; justify-content: space-between; align-items: center; background: var(--white); border-top-left-radius: 24px; border-top-right-radius: 24px;\"\u001b[39m\n        \u001b[36m>\u001b[39m\n          \u001b[36m<h3>\u001b[39m\n            \u001b[0mPayment 💸\u001b[0m\n          \u001b[36m</h3>\u001b[39m\n          \u001b[36m<button>\u001b[39m\n            \u001b[36m<svg\u001b[39m\n              \u001b[33maria-hidden\u001b[39m=\u001b[32m\"true\"\u001b[39m\n              \u001b[33mclass\u001b[39m=\u001b[32m\"lucide lucide-x\"\u001b[39m\n              \u001b[33mfill\u001b[39m=\u001b[32m\"none\"\u001b[39m\n              \u001b[33mheight\u001b[39m=\u001b[32m\"24\"\u001b[39m\n              \u001b[33mstroke\u001b[39m=\u001b[32m\"currentColor\"\u001b[39m\n              \u001b[33mstroke-linecap\u001b[39m=\u001b[32m\"round\"\u001b[39m\n              \u001b[33mstroke-linejoin\u001b[39m=\u001b[32m\"round\"\u001b[39m\n              \u001b[33mstroke-width\u001b[39m=\u001b[32m\"2\"\u001b[39m\n              \u001b[33mviewBox\u001b[39m=\u001b[32m\"0 0 24 24\"\u001b[39m\n              \u001b[33mwidth\u001b[39m=\u001b[32m\"24\"\u001b[39m\n              \u001b[33mxmlns\u001b[39m=\u001b[32m\"http://www.w3.org/2000/svg\"\u001b[39m\n            \u001b[36m>\u001b[39m\n              \u001b[36m<path\u001b[39m\n                \u001b[33md\u001b[39m=\u001b[32m\"M18 6 6 18\"\u001b[39m\n              \u001b[36m/>\u001b[39m\n              \u001b[36m<path\u001b[39m\n                \u001b[33md\u001b[39m=\u001b[32m\"m6 6 12 12\"\u001b[39m\n              \u001b[36m/>\u001b[39m\n            \u001b[36m</svg>\u001b[39m\n          \u001b[36m</button>\u001b[39m\n        \u001b[36m</div>\u001b[39m\n        \u001b[36m<div\u001b[39m\n          \u001b[33mstyle\u001b[39m=\u001b[32m\"padding: 1.5rem; overflow-y: auto; flex: 1 1 0%;\"\u001b[39m\n        \u001b[36m>\u001b[39m\n          \u001b[36m<div\u001b[39m\n            \u001b[33mstyle\u001b[39m=\u001b[32m\"text-align: center; padding: 1rem; background: white; border-radius: 16px; border: 1px solid var(--border-light);\"\u001b[39m\n          \u001b[36m>\u001b[39m\n            \u001b[36m<h3\u001b[39m\n              \u001b[33mstyle\u001b[39m=\u001b[32m\"margin-bottom: 1rem;\"\u001b[39m\n            \u001b[36m>\u001b[39m\n              \u001b[0mPay ₹\u001b[0m\n              \u001b[0m135\u001b[0m\n            \u001b[36m</h3>\u001b[39m\n            \u001b[36m<div\u001b[39m\n              \u001b[33mstyle\u001b[39m=\u001b[32m\"width: 200px; height: 200px; background: var(--bg-light); margin: 0px auto; display: flex; align-items: center; justify-content: center; border-radius: 12px; overflow: hidden;\"\u001b[39m\n            \u001b[36m>\u001b[39m\n              \u001b[36m<img\u001b[39m\n                \u001b[33malt\u001b[39m=\u001b[32m\"Scan to Pay\"\u001b[39m\n                \u001b[33msrc\u001b[39m=\u001b[32m\"https://api.qrserver.com/v1/create-qr-code/?size=250x250&data=upi%3A%2F%2Fpay%3Fpa%3Dshubhamreddy9172-2%40okaxis%26pn%3DTheDreamyBowl%26am%3D135%26cu%3DINR\"\u001b[39m\n                \u001b[33mstyle\u001b[39m=\u001b[32m\"width: 100%; height: 100%; object-fit: contain;\"\u001b[39m\n              \u001b[36m/>\u001b[39m\n            \u001b[36m</div>\u001b[39m\n            \u001b[36m<div\u001b[39m\n              \u001b[33mstyle\u001b[39m=\u001b[32m\"margin: 1rem 0px; font-size: 0.9rem; color: rgb(85, 85, 85);\"\u001b[39m\n            \u001b[36m>\u001b[39m\n              \u001b[36m<p\u001b[39m\n                \u001b[33mstyle\u001b[39m=\u001b[32m\"margin-bottom: 0.5rem;\"\u001b[39m\n              \u001b[36m>\u001b[39m\n                \u001b[0mScanning this QR will automatically request \u001b[0m\n                \u001b[36m<strong>\u001b[39m\n                  \u001b[0m₹\u001b[0m\n                  \u001b[0m135\u001b[0m\n                \u001b[36m</strong>\u001b[39m\n                \u001b[0m.\u001b[0m\n              \u001b[36m</p>\u001b[39m\n              \u001b[36m<a\u001b[39m\n                \u001b[33mhref\u001b[39m=\u001b[32m\"upi://pay?pa=shubhamreddy9172-2@okaxis&pn=TheDreamyBowl&am=135&cu=INR\"\u001b[39m\n                \u001b[33mstyle\u001b[39m=\u001b[32m\"color: var(--primary); font-weight: bold; text-decoration: underline;\"\u001b[39m\n              \u001b[36m>\u001b[39m\n                \u001b[0mTap to Pay on Mobile\u001b[0m\n              \u001b[36m</a>\u001b[39m\n            \u001b[36m</div>\u001b[39m\n            \u001b[36m<button\u001b[39m\n              \u001b[33mstyle\u001b[39m=\u001b[32m\"background: var(--success); color: white; width: 100%; padding: 1rem; border-radius: 12px; font-size: 1.1rem; font-weight: 700; margin: 1rem 0px; border: medium; cursor: pointer; box-shadow: 0 4px 12px rgba(72, 187, 120, 0.3);\"\u001b[39m\n            \u001b[36m>\u001b[39m\n              \u001b[0mI Have Paid ✅\u001b[0m\n            \u001b[36m</button>\u001b[39m\n            \u001b[36m<button\u001b[39m\n              \u001b[33mstyle\u001b[39m=\u001b[32m\"color: var(--dark); text-decoration: underline; font-size: 0.9rem; margin-top: 0.5rem; opacity: 1; cursor: pointer;\"\u001b[39m\n            \u001b[36m>\u001b[39m\n              \u001b[0mBack\u001b[0m\n            \u001b[36m</button>\u001b[39m\n          \u001b[36m</div>\u001b[39m\n        \u001b[36m</div>\u001b[39m\n      \u001b[36m</div>\u001b[39m\n    \u001b[36m</div>\u001b[39m\n    \u001b[36m<div\u001b[39m\n      \u001b[33mdata-testid\u001b[39m=\u001b[32m\"upsell-modal\"\u001b[39m\n    \u001b[36m>\u001b[39m\n      \u001b[36m<button>\u001b[39m\n        \u001b[0mAdd Upsell\u001b[0m\n      \u001b[36m</button>\u001b[39m\n      \u001b[36m<button>\u001b[39m\n        \u001b[0mSkip\u001b[0m\n      \u001b[36m</button>\u001b[39m\n    \u001b[36m</div>\u001b[39m\n  \u001b[36m</div>\u001b[39m\n\u001b[36m</body>\u001b[39m\n    at Proxy.waitForWrapper (D:\\SR\\projects\\Dessert Bowl\\node_modules\\@testing-library\\dom\\dist\\wait-for.js:163:27)\n    at completeCheckout (D:/SR/projects/Dessert Bowl/src/components/__tests__/CartModal.test.jsx:456:19)\n    at D:/SR/projects/Dessert Bowl/src/components/__tests__/CartModal.test.jsx:517:13\n    at file:///D:/SR/projects/Dessert%20Bowl/node_modules/@vitest/runner/dist/index.js:915:20"],"meta":{}},{"ancestorTitles":["CartModal","Receipt Generation"],"fullName":"CartModal Receipt Generation should include all order details in receipt HTML","status":"passed","title":"should include all order details in receipt HTML","duration":0.6116999999994732,"failureMessages":[],"meta":{}},{"ancestorTitles":["CartModal","Edge Cases"],"fullName":"CartModal Edge Cases should handle empty cart checkout attempt","status":"passed","title":"should handle empty cart checkout attempt","duration":5.716300000000047,"failureMessages":[],"meta":{}},{"ancestorTitles":["CartModal","Edge Cases"],"fullName":"CartModal Edge Cases should close modal when close handler called","status":"passed","title":"should close modal when close handler called","duration":21.93329999999878,"failureMessages":[],"meta":{}},{"ancestorTitles":["CartModal","Edge Cases"],"fullName":"CartModal Edge Cases should handle missing customer data gracefully","status":"failed","title":"should handle missing customer data gracefully","duration":6.234099999999671,"failureMessages":["TestingLibraryElementError: Unable to find an element with the text: /Proceed to Checkout/i. This could be because the text is broken up by multiple elements. In this case, you can provide a function for your text matcher to make your matcher more flexible.\n\nIgnored nodes: comments, script, style\n\u001b[36m<body>\u001b[39m\n  \u001b[36m<div>\u001b[39m\n    \u001b[36m<div\u001b[39m\n      \u001b[33mstyle\u001b[39m=\u001b[32m\"position: fixed; top: 0px; left: 0px; right: 0px; bottom: 0px; background: rgba(0, 0, 0, 0.5); z-index: 1000; display: flex; align-items: flex-end;\"\u001b[39m\n    \u001b[36m>\u001b[39m\n      \u001b[36m<div\u001b[39m\n        \u001b[33mstyle\u001b[39m=\u001b[32m\"background: var(--bg-light); width: 100%; max-height: 90vh; border-top-left-radius: 24px; border-top-right-radius: 24px; display: flex; flex-direction: column; animation: slideUp 0.3s ease-out;\"\u001b[39m\n      \u001b[36m>\u001b[39m\n        \u001b[36m<div\u001b[39m\n          \u001b[33mstyle\u001b[39m=\u001b[32m\"padding: 1.5rem; border-bottom: 1px solid rgb(238, 238, 238); display: flex; justify-content: space-between; align-items: center; background: var(--white); border-top-left-radius: 24px; border-top-right-radius: 24px;\"\u001b[39m\n        \u001b[36m>\u001b[39m\n          \u001b[36m<h3>\u001b[39m\n            \u001b[0mYour Cart 🛒\u001b[0m\n          \u001b[36m</h3>\u001b[39m\n          \u001b[36m<button>\u001b[39m\n            \u001b[36m<svg\u001b[39m\n              \u001b[33maria-hidden\u001b[39m=\u001b[32m\"true\"\u001b[39m\n              \u001b[33mclass\u001b[39m=\u001b[32m\"lucide lucide-x\"\u001b[39m\n              \u001b[33mfill\u001b[39m=\u001b[32m\"none\"\u001b[39m\n              \u001b[33mheight\u001b[39m=\u001b[32m\"24\"\u001b[39m\n              \u001b[33mstroke\u001b[39m=\u001b[32m\"currentColor\"\u001b[39m\n              \u001b[33mstroke-linecap\u001b[39m=\u001b[32m\"round\"\u001b[39m\n              \u001b[33mstroke-linejoin\u001b[39m=\u001b[32m\"round\"\u001b[39m\n              \u001b[33mstroke-width\u001b[39m=\u001b[32m\"2\"\u001b[39m\n              \u001b[33mviewBox\u001b[39m=\u001b[32m\"0 0 24 24\"\u001b[39m\n              \u001b[33mwidth\u001b[39m=\u001b[32m\"24\"\u001b[39m\n              \u001b[33mxmlns\u001b[39m=\u001b[32m\"http://www.w3.org/2000/svg\"\u001b[39m\n            \u001b[36m>\u001b[39m\n              \u001b[36m<path\u001b[39m\n                \u001b[33md\u001b[39m=\u001b[32m\"M18 6 6 18\"\u001b[39m\n              \u001b[36m/>\u001b[39m\n              \u001b[36m<path\u001b[39m\n                \u001b[33md\u001b[39m=\u001b[32m\"m6 6 12 12\"\u001b[39m\n              \u001b[36m/>\u001b[39m\n            \u001b[36m</svg>\u001b[39m\n          \u001b[36m</button>\u001b[39m\n        \u001b[36m</div>\u001b[39m\n        \u001b[36m<div\u001b[39m\n          \u001b[33mstyle\u001b[39m=\u001b[32m\"padding: 1.5rem; overflow-y: auto; flex: 1 1 0%;\"\u001b[39m\n        \u001b[36m>\u001b[39m\n          \u001b[36m<div\u001b[39m\n            \u001b[33mstyle\u001b[39m=\u001b[32m\"text-align: center; padding: 3rem 0px; color: rgb(102, 102, 102);\"\u001b[39m\n          \u001b[36m>\u001b[39m\n            \u001b[36m<p>\u001b[39m\n              \u001b[0mYour bowl is empty 🥣\u001b[0m\n            \u001b[36m</p>\u001b[39m\n            \u001b[36m<button\u001b[39m\n              \u001b[33mstyle\u001b[39m=\u001b[32m\"color: var(--dark); text-decoration: underline; font-size: 0.9rem; margin-top: 0.5rem;\"\u001b[39m\n            \u001b[36m>\u001b[39m\n              \u001b[0mStart Ordering\u001b[0m\n            \u001b[36m</button>\u001b[39m\n          \u001b[36m</div>\u001b[39m\n        \u001b[36m</div>\u001b[39m\n      \u001b[36m</div>\u001b[39m\n    \u001b[36m</div>\u001b[39m\n    \u001b[36m<div\u001b[39m\n      \u001b[33mdata-testid\u001b[39m=\u001b[32m\"upsell-modal\"\u001b[39m\n    \u001b[36m>\u001b[39m\n      \u001b[36m<button>\u001b[39m\n        \u001b[0mAdd Upsell\u001b[0m\n      \u001b[36m</button>\u001b[39m\n      \u001b[36m<button>\u001b[39m\n        \u001b[0mSkip\u001b[0m\n      \u001b[36m</button>\u001b[39m\n    \u001b[36m</div>\u001b[39m\n  \u001b[36m</div>\u001b[39m\n\u001b[36m</body>\u001b[39m\n    at Object.getElementError (D:\\SR\\projects\\Dessert Bowl\\node_modules\\@testing-library\\dom\\dist\\config.js:37:19)\n    at D:\\SR\\projects\\Dessert Bowl\\node_modules\\@testing-library\\dom\\dist\\query-helpers.js:76:38\n    at D:\\SR\\projects\\Dessert Bowl\\node_modules\\@testing-library\\dom\\dist\\query-helpers.js:52:17\n    at D:\\SR\\projects\\Dessert Bowl\\node_modules\\@testing-library\\dom\\dist\\query-helpers.js:95:19\n    at D:/SR/projects/Dessert Bowl/src/components/__tests__/CartModal.test.jsx:558:36\n    at file:///D:/SR/projects/Dessert%20Bowl/node_modules/@vitest/runner/dist/index.js:145:11\n    at file:///D:/SR/projects/Dessert%20Bowl/node_modules/@vitest/runner/dist/index.js:915:26\n    at file:///D:/SR/projects/Dessert%20Bowl/node_modules/@vitest/runner/dist/index.js:1243:20\n    at new Promise (<anonymous>)\n    at runWithTimeout (file:///D:/SR/projects/Dessert%20Bowl/node_modules/@vitest/runner/dist/index.js:1209:10)"],"meta":{}}],"startTime":1767350917842,"endTime":1767350926188.2341,"status":"failed","message":"","name":"D:/SR/projects/Dessert Bowl/src/components/__tests__/CartModal.test.jsx"}]}